INFO : "Starting a postgresql pool with 5 connections in PgBouncer mode."
INFO : {"timestamp":"2024-12-08T06:35:33.371Z","query":"BEGIN","params":"[]","duration":48,"target":"quaint::connector::metrics"}
INFO : {"timestamp":"2024-12-08T06:35:33.421Z","query":"DEALLOCATE ALL","params":"[]","duration":50,"target":"quaint::connector::metrics"}
INFO : {"timestamp":"2024-12-08T06:35:33.522Z","query":"SELECT \"public\".\"Pemilih\".\"npm\", \"public\".\"Pemilih\".\"nama\", \"public\".\"Pemilih\".\"prodi\", \"public\".\"Pemilih\".\"status_hmp\", \"public\".\"Pemilih\".\"status_bem\", \"public\".\"Pemilih\".\"status_akun\" FROM \"public\".\"Pemilih\" WHERE \"public\".\"Pemilih\".\"npm\" = $1 OFFSET $2","params":"[\"2110020054\",0]","duration":99,"target":"quaint::connector::metrics"}
INFO : {"timestamp":"2024-12-08T06:35:33.572Z","query":"COMMIT","params":"[]","duration":49,"target":"quaint::connector::metrics"}
INFO : "Starting a postgresql pool with 5 connections in PgBouncer mode."
ERROR : "\nInvalid `prisma.calon.findMany()` invocation:\n\n\nCan't reach database server at `aws-0-ap-southeast-1.pooler.supabase.com:6543`\n\nPlease make sure your database server is running at `aws-0-ap-southeast-1.pooler.supabase.com:6543`."
ERROR : "\nInvalid `prisma.calon.findMany()` invocation:\n\n\nCan't reach database server at `aws-0-ap-southeast-1.pooler.supabase.com:6543`\n\nPlease make sure your database server is running at `aws-0-ap-southeast-1.pooler.supabase.com:6543`."
INFO : "Starting a postgresql pool with 5 connections in PgBouncer mode."
ERROR : "\nInvalid `prisma.calon.findMany()` invocation:\n\n\nCan't reach database server at `aws-0-ap-southeast-1.pooler.supabase.com:6543`\n\nPlease make sure your database server is running at `aws-0-ap-southeast-1.pooler.supabase.com:6543`."
ERROR : "\nInvalid `prisma.calon.findMany()` invocation:\n\n\nCan't reach database server at `aws-0-ap-southeast-1.pooler.supabase.com:6543`\n\nPlease make sure your database server is running at `aws-0-ap-southeast-1.pooler.supabase.com:6543`."
INFO : "Starting a postgresql pool with 5 connections in PgBouncer mode."
INFO : {"timestamp":"2024-12-08T06:37:44.223Z","query":"BEGIN","params":"[]","duration":48,"target":"quaint::connector::metrics"}
INFO : {"timestamp":"2024-12-08T06:37:44.274Z","query":"DEALLOCATE ALL","params":"[]","duration":49,"target":"quaint::connector::metrics"}
INFO : {"timestamp":"2024-12-08T06:37:44.373Z","query":"SELECT \"public\".\"Calon\".\"id\", \"public\".\"Calon\".\"nama\", \"public\".\"Calon\".\"visiMisi\", \"public\".\"Calon\".\"prodi\", \"public\".\"Calon\".\"foto\", \"public\".\"Calon\".\"angkatan\", \"public\".\"Calon\".\"no_urut\", \"public\".\"Calon\".\"type\"::text FROM \"public\".\"Calon\" WHERE \"public\".\"Calon\".\"type\" = CAST($1::text AS \"public\".\"TypeCalon\") ORDER BY \"public\".\"Calon\".\"no_urut\" ASC OFFSET $2","params":"[\"bem\",0]","duration":99,"target":"quaint::connector::metrics"}
INFO : {"timestamp":"2024-12-08T06:37:44.423Z","query":"COMMIT","params":"[]","duration":49,"target":"quaint::connector::metrics"}
INFO : {"timestamp":"2024-12-08T06:52:03.051Z","query":"BEGIN","params":"[]","duration":49,"target":"quaint::connector::metrics"}
INFO : {"timestamp":"2024-12-08T06:52:03.101Z","query":"DEALLOCATE ALL","params":"[]","duration":49,"target":"quaint::connector::metrics"}
INFO : {"timestamp":"2024-12-08T06:52:03.201Z","query":"SELECT \"public\".\"Pemilih\".\"npm\", \"public\".\"Pemilih\".\"nama\", \"public\".\"Pemilih\".\"prodi\", \"public\".\"Pemilih\".\"status_hmp\", \"public\".\"Pemilih\".\"status_bem\", \"public\".\"Pemilih\".\"status_akun\" FROM \"public\".\"Pemilih\" WHERE \"public\".\"Pemilih\".\"npm\" = $1 OFFSET $2","params":"[\"2110020054\",0]","duration":100,"target":"quaint::connector::metrics"}
INFO : {"timestamp":"2024-12-08T06:52:03.258Z","query":"COMMIT","params":"[]","duration":49,"target":"quaint::connector::metrics"}
INFO : {"timestamp":"2024-12-08T06:52:13.739Z","query":"BEGIN","params":"[]","duration":50,"target":"quaint::connector::metrics"}
INFO : {"timestamp":"2024-12-08T06:52:13.791Z","query":"DEALLOCATE ALL","params":"[]","duration":50,"target":"quaint::connector::metrics"}
INFO : {"timestamp":"2024-12-08T06:52:13.889Z","query":"SELECT \"public\".\"Calon\".\"id\", \"public\".\"Calon\".\"nama\", \"public\".\"Calon\".\"visiMisi\", \"public\".\"Calon\".\"prodi\", \"public\".\"Calon\".\"foto\", \"public\".\"Calon\".\"angkatan\", \"public\".\"Calon\".\"no_urut\", \"public\".\"Calon\".\"type\"::text FROM \"public\".\"Calon\" WHERE \"public\".\"Calon\".\"type\" = CAST($1::text AS \"public\".\"TypeCalon\") ORDER BY \"public\".\"Calon\".\"no_urut\" ASC OFFSET $2","params":"[\"bem\",0]","duration":98,"target":"quaint::connector::metrics"}
INFO : {"timestamp":"2024-12-08T06:52:13.939Z","query":"COMMIT","params":"[]","duration":49,"target":"quaint::connector::metrics"}
INFO : "Starting a postgresql pool with 5 connections in PgBouncer mode."
INFO : {"timestamp":"2024-12-08T06:53:45.143Z","query":"BEGIN","params":"[]","duration":50,"target":"quaint::connector::metrics"}
INFO : {"timestamp":"2024-12-08T06:53:45.193Z","query":"DEALLOCATE ALL","params":"[]","duration":49,"target":"quaint::connector::metrics"}
INFO : {"timestamp":"2024-12-08T06:53:45.301Z","query":"SELECT \"public\".\"Calon\".\"id\", \"public\".\"Calon\".\"nama\", \"public\".\"Calon\".\"visiMisi\", \"public\".\"Calon\".\"prodi\", \"public\".\"Calon\".\"foto\", \"public\".\"Calon\".\"angkatan\", \"public\".\"Calon\".\"no_urut\", \"public\".\"Calon\".\"type\"::text FROM \"public\".\"Calon\" WHERE \"public\".\"Calon\".\"type\" = CAST($1::text AS \"public\".\"TypeCalon\") ORDER BY \"public\".\"Calon\".\"no_urut\" ASC OFFSET $2","params":"[\"bem\",0]","duration":101,"target":"quaint::connector::metrics"}
INFO : {"timestamp":"2024-12-08T06:53:45.352Z","query":"COMMIT","params":"[]","duration":50,"target":"quaint::connector::metrics"}
INFO : "Starting a postgresql pool with 5 connections in PgBouncer mode."
INFO : {"timestamp":"2024-12-08T08:54:40.904Z","query":"BEGIN","params":"[]","duration":42,"target":"quaint::connector::metrics"}
INFO : {"timestamp":"2024-12-08T08:54:40.945Z","query":"DEALLOCATE ALL","params":"[]","duration":41,"target":"quaint::connector::metrics"}
INFO : {"timestamp":"2024-12-08T08:54:41.041Z","query":"SELECT \"public\".\"Pemilih\".\"npm\", \"public\".\"Pemilih\".\"nama\", \"public\".\"Pemilih\".\"prodi\", \"public\".\"Pemilih\".\"status_hmp\", \"public\".\"Pemilih\".\"status_bem\", \"public\".\"Pemilih\".\"status_akun\" FROM \"public\".\"Pemilih\" WHERE \"public\".\"Pemilih\".\"npm\" = $1 OFFSET $2","params":"[\"2110020054\",0]","duration":93,"target":"quaint::connector::metrics"}
INFO : {"timestamp":"2024-12-08T08:54:41.093Z","query":"COMMIT","params":"[]","duration":42,"target":"quaint::connector::metrics"}
INFO : {"timestamp":"2024-12-08T08:54:46.156Z","query":"BEGIN","params":"[]","duration":43,"target":"quaint::connector::metrics"}
INFO : {"timestamp":"2024-12-08T08:54:46.198Z","query":"DEALLOCATE ALL","params":"[]","duration":42,"target":"quaint::connector::metrics"}
INFO : {"timestamp":"2024-12-08T08:54:46.285Z","query":"SELECT \"public\".\"Calon\".\"id\", \"public\".\"Calon\".\"nama\", \"public\".\"Calon\".\"visiMisi\", \"public\".\"Calon\".\"prodi\", \"public\".\"Calon\".\"foto\", \"public\".\"Calon\".\"angkatan\", \"public\".\"Calon\".\"no_urut\", \"public\".\"Calon\".\"type\"::text FROM \"public\".\"Calon\" WHERE \"public\".\"Calon\".\"type\" = CAST($1::text AS \"public\".\"TypeCalon\") ORDER BY \"public\".\"Calon\".\"no_urut\" ASC OFFSET $2","params":"[\"bem\",0]","duration":86,"target":"quaint::connector::metrics"}
INFO : {"timestamp":"2024-12-08T08:54:46.328Z","query":"COMMIT","params":"[]","duration":43,"target":"quaint::connector::metrics"}
INFO : {"timestamp":"2024-12-08T08:55:10.702Z","query":"SELECT 1","params":"[]","duration":45,"target":"quaint::connector::metrics"}
INFO : {"timestamp":"2024-12-08T08:55:10.747Z","query":"BEGIN","params":"[]","duration":44,"target":"quaint::connector::metrics"}
INFO : {"timestamp":"2024-12-08T08:55:10.790Z","query":"DEALLOCATE ALL","params":"[]","duration":42,"target":"quaint::connector::metrics"}
INFO : {"timestamp":"2024-12-08T08:55:10.876Z","query":"SELECT \"public\".\"Calon\".\"id\", \"public\".\"Calon\".\"nama\", \"public\".\"Calon\".\"visiMisi\", \"public\".\"Calon\".\"prodi\", \"public\".\"Calon\".\"foto\", \"public\".\"Calon\".\"angkatan\", \"public\".\"Calon\".\"no_urut\", \"public\".\"Calon\".\"type\"::text FROM \"public\".\"Calon\" WHERE \"public\".\"Calon\".\"type\" = CAST($1::text AS \"public\".\"TypeCalon\") OFFSET $2","params":"[\"bem\",0]","duration":86,"target":"quaint::connector::metrics"}
INFO : {"timestamp":"2024-12-08T08:55:10.962Z","query":"SELECT \"public\".\"VotingCalon\".\"calon_id\", \"public\".\"VotingCalon\".\"npm\" FROM \"public\".\"VotingCalon\" WHERE \"public\".\"VotingCalon\".\"calon_id\" IN ($1,$2) OFFSET $3","params":"[\"6fa540b7-27ca-4a6d-8157-256e39c1cf02\",\"737a2885-67e7-4060-8a3f-7afabfb8c38a\",0]","duration":85,"target":"quaint::connector::metrics"}
INFO : {"timestamp":"2024-12-08T08:55:11.004Z","query":"COMMIT","params":"[]","duration":42,"target":"quaint::connector::metrics"}
INFO : {"timestamp":"2024-12-08T08:55:46.575Z","query":"SELECT 1","params":"[]","duration":45,"target":"quaint::connector::metrics"}
INFO : {"timestamp":"2024-12-08T08:55:46.620Z","query":"BEGIN","params":"[]","duration":44,"target":"quaint::connector::metrics"}
INFO : {"timestamp":"2024-12-08T08:55:46.662Z","query":"DEALLOCATE ALL","params":"[]","duration":42,"target":"quaint::connector::metrics"}
INFO : {"timestamp":"2024-12-08T08:55:46.751Z","query":"SELECT \"public\".\"Calon\".\"id\", \"public\".\"Calon\".\"nama\", \"public\".\"Calon\".\"visiMisi\", \"public\".\"Calon\".\"prodi\", \"public\".\"Calon\".\"foto\", \"public\".\"Calon\".\"angkatan\", \"public\".\"Calon\".\"no_urut\", \"public\".\"Calon\".\"type\"::text FROM \"public\".\"Calon\" WHERE \"public\".\"Calon\".\"type\" = CAST($1::text AS \"public\".\"TypeCalon\") ORDER BY \"public\".\"Calon\".\"no_urut\" ASC OFFSET $2","params":"[\"si\",0]","duration":88,"target":"quaint::connector::metrics"}
INFO : {"timestamp":"2024-12-08T08:55:46.793Z","query":"COMMIT","params":"[]","duration":41,"target":"quaint::connector::metrics"}
INFO : {"timestamp":"2024-12-08T08:56:35.453Z","query":"SELECT 1","params":"[]","duration":44,"target":"quaint::connector::metrics"}
INFO : {"timestamp":"2024-12-08T08:56:35.495Z","query":"BEGIN","params":"[]","duration":43,"target":"quaint::connector::metrics"}
INFO : {"timestamp":"2024-12-08T08:56:35.538Z","query":"DEALLOCATE ALL","params":"[]","duration":42,"target":"quaint::connector::metrics"}
INFO : {"timestamp":"2024-12-08T08:56:35.626Z","query":"SELECT \"public\".\"Calon\".\"id\", \"public\".\"Calon\".\"nama\", \"public\".\"Calon\".\"visiMisi\", \"public\".\"Calon\".\"prodi\", \"public\".\"Calon\".\"foto\", \"public\".\"Calon\".\"angkatan\", \"public\".\"Calon\".\"no_urut\", \"public\".\"Calon\".\"type\"::text FROM \"public\".\"Calon\" WHERE \"public\".\"Calon\".\"type\" = CAST($1::text AS \"public\".\"TypeCalon\") ORDER BY \"public\".\"Calon\".\"no_urut\" ASC OFFSET $2","params":"[\"ti\",0]","duration":87,"target":"quaint::connector::metrics"}
INFO : {"timestamp":"2024-12-08T08:56:35.669Z","query":"COMMIT","params":"[]","duration":42,"target":"quaint::connector::metrics"}
INFO : {"timestamp":"2024-12-08T08:56:42.101Z","query":"BEGIN","params":"[]","duration":44,"target":"quaint::connector::metrics"}
INFO : {"timestamp":"2024-12-08T08:56:42.143Z","query":"DEALLOCATE ALL","params":"[]","duration":42,"target":"quaint::connector::metrics"}
INFO : {"timestamp":"2024-12-08T08:56:42.232Z","query":"SELECT \"public\".\"Calon\".\"id\", \"public\".\"Calon\".\"nama\", \"public\".\"Calon\".\"visiMisi\", \"public\".\"Calon\".\"prodi\", \"public\".\"Calon\".\"foto\", \"public\".\"Calon\".\"angkatan\", \"public\".\"Calon\".\"no_urut\", \"public\".\"Calon\".\"type\"::text FROM \"public\".\"Calon\" WHERE \"public\".\"Calon\".\"type\" = CAST($1::text AS \"public\".\"TypeCalon\") ORDER BY \"public\".\"Calon\".\"no_urut\" ASC OFFSET $2","params":"[\"si\",0]","duration":88,"target":"quaint::connector::metrics"}
INFO : {"timestamp":"2024-12-08T08:56:42.275Z","query":"COMMIT","params":"[]","duration":42,"target":"quaint::connector::metrics"}
INFO : {"timestamp":"2024-12-08T08:56:44.186Z","query":"BEGIN","params":"[]","duration":45,"target":"quaint::connector::metrics"}
INFO : {"timestamp":"2024-12-08T08:56:44.229Z","query":"DEALLOCATE ALL","params":"[]","duration":42,"target":"quaint::connector::metrics"}
INFO : {"timestamp":"2024-12-08T08:56:44.315Z","query":"SELECT \"public\".\"Calon\".\"id\", \"public\".\"Calon\".\"nama\", \"public\".\"Calon\".\"visiMisi\", \"public\".\"Calon\".\"prodi\", \"public\".\"Calon\".\"foto\", \"public\".\"Calon\".\"angkatan\", \"public\".\"Calon\".\"no_urut\", \"public\".\"Calon\".\"type\"::text FROM \"public\".\"Calon\" WHERE \"public\".\"Calon\".\"id\" = $1 OFFSET $2","params":"[\"6cae86fc-eea3-494d-9013-e3e5266bf6ac\",0]","duration":85,"target":"quaint::connector::metrics"}
INFO : {"timestamp":"2024-12-08T08:56:44.359Z","query":"COMMIT","params":"[]","duration":43,"target":"quaint::connector::metrics"}
INFO : "Starting a postgresql pool with 5 connections in PgBouncer mode."
INFO : {"timestamp":"2024-12-08T09:47:11.452Z","query":"BEGIN","params":"[]","duration":47,"target":"quaint::connector::metrics"}
INFO : {"timestamp":"2024-12-08T09:47:11.496Z","query":"DEALLOCATE ALL","params":"[]","duration":43,"target":"quaint::connector::metrics"}
INFO : {"timestamp":"2024-12-08T09:47:11.589Z","query":"SELECT \"public\".\"Pemilih\".\"npm\", \"public\".\"Pemilih\".\"nama\", \"public\".\"Pemilih\".\"prodi\", \"public\".\"Pemilih\".\"status_hmp\", \"public\".\"Pemilih\".\"status_bem\", \"public\".\"Pemilih\".\"status_akun\" FROM \"public\".\"Pemilih\" WHERE \"public\".\"Pemilih\".\"npm\" = $1 OFFSET $2","params":"[\"2110010470\",0]","duration":93,"target":"quaint::connector::metrics"}
INFO : {"timestamp":"2024-12-08T09:47:11.635Z","query":"COMMIT","params":"[]","duration":45,"target":"quaint::connector::metrics"}
INFO : {"timestamp":"2024-12-08T09:49:42.409Z","query":"SELECT 1","params":"[]","duration":46,"target":"quaint::connector::metrics"}
INFO : {"timestamp":"2024-12-08T09:49:42.456Z","query":"BEGIN","params":"[]","duration":46,"target":"quaint::connector::metrics"}
INFO : {"timestamp":"2024-12-08T09:49:42.500Z","query":"DEALLOCATE ALL","params":"[]","duration":44,"target":"quaint::connector::metrics"}
INFO : {"timestamp":"2024-12-08T09:49:42.592Z","query":"SELECT \"public\".\"Pemilih\".\"npm\", \"public\".\"Pemilih\".\"nama\", \"public\".\"Pemilih\".\"prodi\", \"public\".\"Pemilih\".\"status_hmp\", \"public\".\"Pemilih\".\"status_bem\", \"public\".\"Pemilih\".\"status_akun\" FROM \"public\".\"Pemilih\" WHERE \"public\".\"Pemilih\".\"npm\" = $1 OFFSET $2","params":"[\"2110020054\",0]","duration":91,"target":"quaint::connector::metrics"}
INFO : {"timestamp":"2024-12-08T09:49:42.652Z","query":"COMMIT","params":"[]","duration":47,"target":"quaint::connector::metrics"}
INFO : {"timestamp":"2024-12-08T09:49:53.279Z","query":"BEGIN","params":"[]","duration":42,"target":"quaint::connector::metrics"}
INFO : {"timestamp":"2024-12-08T09:49:53.322Z","query":"DEALLOCATE ALL","params":"[]","duration":43,"target":"quaint::connector::metrics"}
INFO : {"timestamp":"2024-12-08T09:49:53.411Z","query":"SELECT \"public\".\"Calon\".\"id\", \"public\".\"Calon\".\"nama\", \"public\".\"Calon\".\"visiMisi\", \"public\".\"Calon\".\"prodi\", \"public\".\"Calon\".\"foto\", \"public\".\"Calon\".\"angkatan\", \"public\".\"Calon\".\"no_urut\", \"public\".\"Calon\".\"type\"::text FROM \"public\".\"Calon\" WHERE \"public\".\"Calon\".\"type\" = CAST($1::text AS \"public\".\"TypeCalon\") ORDER BY \"public\".\"Calon\".\"no_urut\" ASC OFFSET $2","params":"[\"bem\",0]","duration":89,"target":"quaint::connector::metrics"}
INFO : {"timestamp":"2024-12-08T09:49:53.456Z","query":"COMMIT","params":"[]","duration":44,"target":"quaint::connector::metrics"}
INFO : "Starting a postgresql pool with 5 connections in PgBouncer mode."
INFO : {"timestamp":"2024-12-08T09:53:42.822Z","query":"BEGIN","params":"[]","duration":46,"target":"quaint::connector::metrics"}
INFO : {"timestamp":"2024-12-08T09:53:42.869Z","query":"DEALLOCATE ALL","params":"[]","duration":47,"target":"quaint::connector::metrics"}
INFO : {"timestamp":"2024-12-08T09:53:42.975Z","query":"SELECT \"public\".\"Pemilih\".\"npm\", \"public\".\"Pemilih\".\"nama\", \"public\".\"Pemilih\".\"prodi\", \"public\".\"Pemilih\".\"status_hmp\", \"public\".\"Pemilih\".\"status_bem\", \"public\".\"Pemilih\".\"status_akun\" FROM \"public\".\"Pemilih\" WHERE \"public\".\"Pemilih\".\"npm\" = $1 OFFSET $2","params":"[\"2110020054\",0]","duration":105,"target":"quaint::connector::metrics"}
INFO : {"timestamp":"2024-12-08T09:53:43.028Z","query":"COMMIT","params":"[]","duration":53,"target":"quaint::connector::metrics"}
INFO : {"timestamp":"2024-12-08T09:53:45.630Z","query":"BEGIN","params":"[]","duration":63,"target":"quaint::connector::metrics"}
INFO : {"timestamp":"2024-12-08T09:53:45.676Z","query":"DEALLOCATE ALL","params":"[]","duration":46,"target":"quaint::connector::metrics"}
INFO : {"timestamp":"2024-12-08T09:53:45.790Z","query":"SELECT \"public\".\"Calon\".\"id\", \"public\".\"Calon\".\"nama\", \"public\".\"Calon\".\"visiMisi\", \"public\".\"Calon\".\"prodi\", \"public\".\"Calon\".\"foto\", \"public\".\"Calon\".\"angkatan\", \"public\".\"Calon\".\"no_urut\", \"public\".\"Calon\".\"type\"::text FROM \"public\".\"Calon\" WHERE \"public\".\"Calon\".\"type\" = CAST($1::text AS \"public\".\"TypeCalon\") ORDER BY \"public\".\"Calon\".\"no_urut\" ASC OFFSET $2","params":"[\"bem\",0]","duration":113,"target":"quaint::connector::metrics"}
INFO : {"timestamp":"2024-12-08T09:53:45.840Z","query":"COMMIT","params":"[]","duration":48,"target":"quaint::connector::metrics"}
INFO : {"timestamp":"2024-12-08T09:55:08.432Z","query":"SELECT 1","params":"[]","duration":48,"target":"quaint::connector::metrics"}
INFO : {"timestamp":"2024-12-08T09:55:08.481Z","query":"BEGIN","params":"[]","duration":48,"target":"quaint::connector::metrics"}
INFO : {"timestamp":"2024-12-08T09:55:08.529Z","query":"DEALLOCATE ALL","params":"[]","duration":47,"target":"quaint::connector::metrics"}
INFO : {"timestamp":"2024-12-08T09:55:08.627Z","query":"SELECT \"public\".\"Pemilih\".\"npm\", \"public\".\"Pemilih\".\"nama\", \"public\".\"Pemilih\".\"prodi\", \"public\".\"Pemilih\".\"status_hmp\", \"public\".\"Pemilih\".\"status_bem\", \"public\".\"Pemilih\".\"status_akun\" FROM \"public\".\"Pemilih\" WHERE \"public\".\"Pemilih\".\"npm\" = $1 OFFSET $2","params":"[\"2110010470\",0]","duration":98,"target":"quaint::connector::metrics"}
INFO : {"timestamp":"2024-12-08T09:55:08.674Z","query":"COMMIT","params":"[]","duration":46,"target":"quaint::connector::metrics"}
INFO : {"timestamp":"2024-12-08T09:59:08.462Z","query":"BEGIN","params":"[]","duration":41,"target":"quaint::connector::metrics"}
INFO : {"timestamp":"2024-12-08T09:59:08.506Z","query":"DEALLOCATE ALL","params":"[]","duration":43,"target":"quaint::connector::metrics"}
INFO : {"timestamp":"2024-12-08T09:59:08.589Z","query":"SELECT \"public\".\"Pemilih\".\"npm\", \"public\".\"Pemilih\".\"nama\", \"public\".\"Pemilih\".\"prodi\", \"public\".\"Pemilih\".\"status_hmp\", \"public\".\"Pemilih\".\"status_bem\", \"public\".\"Pemilih\".\"status_akun\" FROM \"public\".\"Pemilih\" WHERE \"public\".\"Pemilih\".\"npm\" = $1 OFFSET $2","params":"[\"2110020054\",0]","duration":82,"target":"quaint::connector::metrics"}
INFO : {"timestamp":"2024-12-08T09:59:08.629Z","query":"COMMIT","params":"[]","duration":40,"target":"quaint::connector::metrics"}
INFO : {"timestamp":"2024-12-08T10:00:12.918Z","query":"SELECT 1","params":"[]","duration":43,"target":"quaint::connector::metrics"}
INFO : {"timestamp":"2024-12-08T10:00:12.960Z","query":"BEGIN","params":"[]","duration":41,"target":"quaint::connector::metrics"}
INFO : {"timestamp":"2024-12-08T10:00:13.001Z","query":"DEALLOCATE ALL","params":"[]","duration":41,"target":"quaint::connector::metrics"}
INFO : {"timestamp":"2024-12-08T10:00:13.084Z","query":"SELECT \"public\".\"Pemilih\".\"npm\", \"public\".\"Pemilih\".\"nama\", \"public\".\"Pemilih\".\"prodi\", \"public\".\"Pemilih\".\"status_hmp\", \"public\".\"Pemilih\".\"status_bem\", \"public\".\"Pemilih\".\"status_akun\" FROM \"public\".\"Pemilih\" WHERE \"public\".\"Pemilih\".\"npm\" = $1 OFFSET $2","params":"[\"2110020054\",0]","duration":82,"target":"quaint::connector::metrics"}
INFO : {"timestamp":"2024-12-08T10:00:13.130Z","query":"COMMIT","params":"[]","duration":42,"target":"quaint::connector::metrics"}
INFO : "Starting a postgresql pool with 5 connections in PgBouncer mode."
INFO : {"timestamp":"2024-12-08T10:01:31.506Z","query":"BEGIN","params":"[]","duration":41,"target":"quaint::connector::metrics"}
INFO : {"timestamp":"2024-12-08T10:01:31.550Z","query":"DEALLOCATE ALL","params":"[]","duration":43,"target":"quaint::connector::metrics"}
INFO : {"timestamp":"2024-12-08T10:01:31.636Z","query":"SELECT \"public\".\"Pemilih\".\"npm\", \"public\".\"Pemilih\".\"nama\", \"public\".\"Pemilih\".\"prodi\", \"public\".\"Pemilih\".\"status_hmp\", \"public\".\"Pemilih\".\"status_bem\", \"public\".\"Pemilih\".\"status_akun\" FROM \"public\".\"Pemilih\" WHERE \"public\".\"Pemilih\".\"npm\" = $1 OFFSET $2","params":"[\"2110020054\",0]","duration":86,"target":"quaint::connector::metrics"}
INFO : {"timestamp":"2024-12-08T10:01:31.681Z","query":"COMMIT","params":"[]","duration":44,"target":"quaint::connector::metrics"}
INFO : {"timestamp":"2024-12-08T10:02:14.076Z","query":"SELECT 1","params":"[]","duration":43,"target":"quaint::connector::metrics"}
INFO : {"timestamp":"2024-12-08T10:02:14.120Z","query":"BEGIN","params":"[]","duration":43,"target":"quaint::connector::metrics"}
INFO : {"timestamp":"2024-12-08T10:02:14.165Z","query":"DEALLOCATE ALL","params":"[]","duration":44,"target":"quaint::connector::metrics"}
INFO : {"timestamp":"2024-12-08T10:02:14.250Z","query":"SELECT \"public\".\"Pemilih\".\"npm\", \"public\".\"Pemilih\".\"nama\", \"public\".\"Pemilih\".\"prodi\", \"public\".\"Pemilih\".\"status_hmp\", \"public\".\"Pemilih\".\"status_bem\", \"public\".\"Pemilih\".\"status_akun\" FROM \"public\".\"Pemilih\" WHERE \"public\".\"Pemilih\".\"npm\" = $1 OFFSET $2","params":"[\"2110020054\",0]","duration":85,"target":"quaint::connector::metrics"}
INFO : {"timestamp":"2024-12-08T10:02:14.297Z","query":"COMMIT","params":"[]","duration":41,"target":"quaint::connector::metrics"}
INFO : "Starting a postgresql pool with 5 connections in PgBouncer mode."
INFO : {"timestamp":"2024-12-08T10:02:42.579Z","query":"BEGIN","params":"[]","duration":46,"target":"quaint::connector::metrics"}
INFO : {"timestamp":"2024-12-08T10:02:42.620Z","query":"DEALLOCATE ALL","params":"[]","duration":41,"target":"quaint::connector::metrics"}
INFO : {"timestamp":"2024-12-08T10:02:42.704Z","query":"SELECT \"public\".\"Pemilih\".\"npm\", \"public\".\"Pemilih\".\"nama\", \"public\".\"Pemilih\".\"prodi\", \"public\".\"Pemilih\".\"status_hmp\", \"public\".\"Pemilih\".\"status_bem\", \"public\".\"Pemilih\".\"status_akun\" FROM \"public\".\"Pemilih\" WHERE \"public\".\"Pemilih\".\"npm\" = $1 OFFSET $2","params":"[\"2110020054\",0]","duration":82,"target":"quaint::connector::metrics"}
INFO : {"timestamp":"2024-12-08T10:02:42.770Z","query":"COMMIT","params":"[]","duration":45,"target":"quaint::connector::metrics"}
INFO : "Starting a postgresql pool with 5 connections in PgBouncer mode."
INFO : {"timestamp":"2024-12-08T10:04:58.754Z","query":"BEGIN","params":"[]","duration":43,"target":"quaint::connector::metrics"}
INFO : {"timestamp":"2024-12-08T10:04:58.798Z","query":"DEALLOCATE ALL","params":"[]","duration":44,"target":"quaint::connector::metrics"}
INFO : {"timestamp":"2024-12-08T10:04:58.891Z","query":"SELECT \"public\".\"Pemilih\".\"npm\", \"public\".\"Pemilih\".\"nama\", \"public\".\"Pemilih\".\"prodi\", \"public\".\"Pemilih\".\"status_hmp\", \"public\".\"Pemilih\".\"status_bem\", \"public\".\"Pemilih\".\"status_akun\" FROM \"public\".\"Pemilih\" WHERE \"public\".\"Pemilih\".\"npm\" = $1 OFFSET $2","params":"[\"2110020054\",0]","duration":92,"target":"quaint::connector::metrics"}
INFO : {"timestamp":"2024-12-08T10:04:58.944Z","query":"COMMIT","params":"[]","duration":47,"target":"quaint::connector::metrics"}
INFO : "Starting a postgresql pool with 5 connections in PgBouncer mode."
INFO : {"timestamp":"2024-12-08T10:06:24.299Z","query":"BEGIN","params":"[]","duration":44,"target":"quaint::connector::metrics"}
INFO : {"timestamp":"2024-12-08T10:06:24.343Z","query":"DEALLOCATE ALL","params":"[]","duration":44,"target":"quaint::connector::metrics"}
INFO : {"timestamp":"2024-12-08T10:06:24.434Z","query":"SELECT \"public\".\"Pemilih\".\"npm\", \"public\".\"Pemilih\".\"nama\", \"public\".\"Pemilih\".\"prodi\", \"public\".\"Pemilih\".\"status_hmp\", \"public\".\"Pemilih\".\"status_bem\", \"public\".\"Pemilih\".\"status_akun\" FROM \"public\".\"Pemilih\" WHERE \"public\".\"Pemilih\".\"npm\" = $1 OFFSET $2","params":"[\"2110020054\",0]","duration":90,"target":"quaint::connector::metrics"}
INFO : {"timestamp":"2024-12-08T10:06:24.493Z","query":"COMMIT","params":"[]","duration":51,"target":"quaint::connector::metrics"}
INFO : "Starting a postgresql pool with 5 connections in PgBouncer mode."
INFO : {"timestamp":"2024-12-08T10:07:05.454Z","query":"BEGIN","params":"[]","duration":51,"target":"quaint::connector::metrics"}
INFO : {"timestamp":"2024-12-08T10:07:05.496Z","query":"DEALLOCATE ALL","params":"[]","duration":42,"target":"quaint::connector::metrics"}
INFO : {"timestamp":"2024-12-08T10:07:05.584Z","query":"SELECT \"public\".\"Pemilih\".\"npm\", \"public\".\"Pemilih\".\"nama\", \"public\".\"Pemilih\".\"prodi\", \"public\".\"Pemilih\".\"status_hmp\", \"public\".\"Pemilih\".\"status_bem\", \"public\".\"Pemilih\".\"status_akun\" FROM \"public\".\"Pemilih\" WHERE \"public\".\"Pemilih\".\"npm\" = $1 OFFSET $2","params":"[\"2110020054\",0]","duration":87,"target":"quaint::connector::metrics"}
INFO : {"timestamp":"2024-12-08T10:07:05.626Z","query":"COMMIT","params":"[]","duration":42,"target":"quaint::connector::metrics"}
INFO : "Starting a postgresql pool with 5 connections in PgBouncer mode."
INFO : {"timestamp":"2024-12-08T10:07:31.428Z","query":"BEGIN","params":"[]","duration":43,"target":"quaint::connector::metrics"}
INFO : {"timestamp":"2024-12-08T10:07:31.471Z","query":"DEALLOCATE ALL","params":"[]","duration":42,"target":"quaint::connector::metrics"}
INFO : {"timestamp":"2024-12-08T10:07:31.556Z","query":"SELECT \"public\".\"Pemilih\".\"npm\", \"public\".\"Pemilih\".\"nama\", \"public\".\"Pemilih\".\"prodi\", \"public\".\"Pemilih\".\"status_hmp\", \"public\".\"Pemilih\".\"status_bem\", \"public\".\"Pemilih\".\"status_akun\" FROM \"public\".\"Pemilih\" WHERE \"public\".\"Pemilih\".\"npm\" = $1 OFFSET $2","params":"[\"2110020054\",0]","duration":84,"target":"quaint::connector::metrics"}
INFO : {"timestamp":"2024-12-08T10:07:31.598Z","query":"COMMIT","params":"[]","duration":42,"target":"quaint::connector::metrics"}
INFO : "Starting a postgresql pool with 5 connections in PgBouncer mode."
INFO : {"timestamp":"2024-12-08T10:08:52.156Z","query":"BEGIN","params":"[]","duration":44,"target":"quaint::connector::metrics"}
INFO : {"timestamp":"2024-12-08T10:08:52.202Z","query":"DEALLOCATE ALL","params":"[]","duration":45,"target":"quaint::connector::metrics"}
INFO : {"timestamp":"2024-12-08T10:08:52.296Z","query":"SELECT \"public\".\"Pemilih\".\"npm\", \"public\".\"Pemilih\".\"nama\", \"public\".\"Pemilih\".\"prodi\", \"public\".\"Pemilih\".\"status_hmp\", \"public\".\"Pemilih\".\"status_bem\", \"public\".\"Pemilih\".\"status_akun\" FROM \"public\".\"Pemilih\" WHERE \"public\".\"Pemilih\".\"npm\" = $1 OFFSET $2","params":"[\"2110020054\",0]","duration":94,"target":"quaint::connector::metrics"}
INFO : {"timestamp":"2024-12-08T10:08:52.344Z","query":"COMMIT","params":"[]","duration":47,"target":"quaint::connector::metrics"}
INFO : {"timestamp":"2024-12-08T10:09:53.050Z","query":"SELECT 1","params":"[]","duration":46,"target":"quaint::connector::metrics"}
INFO : {"timestamp":"2024-12-08T10:09:53.096Z","query":"BEGIN","params":"[]","duration":45,"target":"quaint::connector::metrics"}
INFO : {"timestamp":"2024-12-08T10:09:53.145Z","query":"DEALLOCATE ALL","params":"[]","duration":49,"target":"quaint::connector::metrics"}
INFO : {"timestamp":"2024-12-08T10:09:53.238Z","query":"SELECT \"public\".\"Pemilih\".\"npm\", \"public\".\"Pemilih\".\"nama\", \"public\".\"Pemilih\".\"prodi\", \"public\".\"Pemilih\".\"status_hmp\", \"public\".\"Pemilih\".\"status_bem\", \"public\".\"Pemilih\".\"status_akun\" FROM \"public\".\"Pemilih\" WHERE \"public\".\"Pemilih\".\"npm\" = $1 OFFSET $2","params":"[\"2110020054\",0]","duration":92,"target":"quaint::connector::metrics"}
INFO : {"timestamp":"2024-12-08T10:09:53.286Z","query":"COMMIT","params":"[]","duration":48,"target":"quaint::connector::metrics"}
INFO : "Starting a postgresql pool with 5 connections in PgBouncer mode."
INFO : {"timestamp":"2024-12-08T10:12:35.283Z","query":"BEGIN","params":"[]","duration":47,"target":"quaint::connector::metrics"}
INFO : {"timestamp":"2024-12-08T10:12:35.332Z","query":"DEALLOCATE ALL","params":"[]","duration":48,"target":"quaint::connector::metrics"}
INFO : {"timestamp":"2024-12-08T10:12:35.420Z","query":"SELECT \"public\".\"Pemilih\".\"npm\", \"public\".\"Pemilih\".\"nama\", \"public\".\"Pemilih\".\"prodi\", \"public\".\"Pemilih\".\"status_hmp\", \"public\".\"Pemilih\".\"status_bem\", \"public\".\"Pemilih\".\"status_akun\" FROM \"public\".\"Pemilih\" WHERE \"public\".\"Pemilih\".\"npm\" = $1 OFFSET $2","params":"[\"2110020054\",0]","duration":88,"target":"quaint::connector::metrics"}
INFO : {"timestamp":"2024-12-08T10:12:35.466Z","query":"COMMIT","params":"[]","duration":45,"target":"quaint::connector::metrics"}
INFO : {"timestamp":"2024-12-08T10:12:35.513Z","query":"BEGIN","params":"[]","duration":43,"target":"quaint::connector::metrics"}
INFO : {"timestamp":"2024-12-08T10:12:35.558Z","query":"DEALLOCATE ALL","params":"[]","duration":44,"target":"quaint::connector::metrics"}
INFO : {"timestamp":"2024-12-08T10:12:35.652Z","query":"INSERT INTO \"public\".\"Pemilih\" (\"npm\",\"nama\",\"prodi\",\"status_hmp\",\"status_bem\",\"status_akun\") VALUES ($1,$2,$3,$4,$5,$6) RETURNING \"public\".\"Pemilih\".\"npm\", \"public\".\"Pemilih\".\"nama\", \"public\".\"Pemilih\".\"prodi\", \"public\".\"Pemilih\".\"status_hmp\", \"public\".\"Pemilih\".\"status_bem\", \"public\".\"Pemilih\".\"status_akun\"","params":"[\"2110020054\",\"M. YUDHISTIA RAHMAN\",\"Sistem Informasi\",false,false,\"MAHASISWA\"]","duration":93,"target":"quaint::connector::metrics"}
INFO : {"timestamp":"2024-12-08T10:12:35.697Z","query":"COMMIT","params":"[]","duration":44,"target":"quaint::connector::metrics"}
INFO : "Starting a postgresql pool with 5 connections in PgBouncer mode."
INFO : {"timestamp":"2024-12-08T10:13:31.025Z","query":"BEGIN","params":"[]","duration":46,"target":"quaint::connector::metrics"}
INFO : {"timestamp":"2024-12-08T10:13:31.072Z","query":"DEALLOCATE ALL","params":"[]","duration":47,"target":"quaint::connector::metrics"}
INFO : {"timestamp":"2024-12-08T10:13:31.169Z","query":"SELECT \"public\".\"Pemilih\".\"npm\", \"public\".\"Pemilih\".\"nama\", \"public\".\"Pemilih\".\"prodi\", \"public\".\"Pemilih\".\"status_hmp\", \"public\".\"Pemilih\".\"status_bem\", \"public\".\"Pemilih\".\"status_akun\" FROM \"public\".\"Pemilih\" WHERE \"public\".\"Pemilih\".\"npm\" = $1 OFFSET $2","params":"[\"2110020054\",0]","duration":96,"target":"quaint::connector::metrics"}
INFO : {"timestamp":"2024-12-08T10:13:31.217Z","query":"COMMIT","params":"[]","duration":47,"target":"quaint::connector::metrics"}
INFO : {"timestamp":"2024-12-08T10:19:15.515Z","query":"BEGIN","params":"[]","duration":47,"target":"quaint::connector::metrics"}
INFO : {"timestamp":"2024-12-08T10:19:15.563Z","query":"DEALLOCATE ALL","params":"[]","duration":48,"target":"quaint::connector::metrics"}
INFO : {"timestamp":"2024-12-08T10:19:15.661Z","query":"SELECT \"public\".\"Pemilih\".\"npm\", \"public\".\"Pemilih\".\"nama\", \"public\".\"Pemilih\".\"prodi\", \"public\".\"Pemilih\".\"status_hmp\", \"public\".\"Pemilih\".\"status_bem\", \"public\".\"Pemilih\".\"status_akun\" FROM \"public\".\"Pemilih\" WHERE \"public\".\"Pemilih\".\"npm\" = $1 OFFSET $2","params":"[\"2110010470\",0]","duration":97,"target":"quaint::connector::metrics"}
INFO : {"timestamp":"2024-12-08T10:19:15.710Z","query":"COMMIT","params":"[]","duration":48,"target":"quaint::connector::metrics"}
INFO : {"timestamp":"2024-12-08T10:19:15.768Z","query":"BEGIN","params":"[]","duration":52,"target":"quaint::connector::metrics"}
INFO : {"timestamp":"2024-12-08T10:19:15.816Z","query":"DEALLOCATE ALL","params":"[]","duration":47,"target":"quaint::connector::metrics"}
INFO : {"timestamp":"2024-12-08T10:19:15.918Z","query":"INSERT INTO \"public\".\"Pemilih\" (\"npm\",\"nama\",\"prodi\",\"status_hmp\",\"status_bem\",\"status_akun\") VALUES ($1,$2,$3,$4,$5,$6) RETURNING \"public\".\"Pemilih\".\"npm\", \"public\".\"Pemilih\".\"nama\", \"public\".\"Pemilih\".\"prodi\", \"public\".\"Pemilih\".\"status_hmp\", \"public\".\"Pemilih\".\"status_bem\", \"public\".\"Pemilih\".\"status_akun\"","params":"[\"2110010470\",\"MUHAMMAD AMIN\",\"Teknik Informatika\",false,false,\"MAHASISWA\"]","duration":102,"target":"quaint::connector::metrics"}
INFO : {"timestamp":"2024-12-08T10:19:15.968Z","query":"COMMIT","params":"[]","duration":49,"target":"quaint::connector::metrics"}
INFO : "Starting a postgresql pool with 5 connections in PgBouncer mode."
INFO : {"timestamp":"2024-12-08T10:19:30.210Z","query":"BEGIN","params":"[]","duration":42,"target":"quaint::connector::metrics"}
INFO : {"timestamp":"2024-12-08T10:19:30.251Z","query":"DEALLOCATE ALL","params":"[]","duration":41,"target":"quaint::connector::metrics"}
INFO : {"timestamp":"2024-12-08T10:19:30.340Z","query":"SELECT \"public\".\"Calon\".\"id\", \"public\".\"Calon\".\"nama\", \"public\".\"Calon\".\"visiMisi\", \"public\".\"Calon\".\"prodi\", \"public\".\"Calon\".\"foto\", \"public\".\"Calon\".\"angkatan\", \"public\".\"Calon\".\"no_urut\", \"public\".\"Calon\".\"type\"::text FROM \"public\".\"Calon\" WHERE \"public\".\"Calon\".\"type\" = CAST($1::text AS \"public\".\"TypeCalon\") ORDER BY \"public\".\"Calon\".\"no_urut\" ASC OFFSET $2","params":"[\"ti\",0]","duration":88,"target":"quaint::connector::metrics"}
INFO : {"timestamp":"2024-12-08T10:19:30.385Z","query":"COMMIT","params":"[]","duration":43,"target":"quaint::connector::metrics"}
INFO : {"timestamp":"2024-12-08T10:19:40.041Z","query":"BEGIN","params":"[]","duration":44,"target":"quaint::connector::metrics"}
INFO : {"timestamp":"2024-12-08T10:19:40.084Z","query":"DEALLOCATE ALL","params":"[]","duration":42,"target":"quaint::connector::metrics"}
INFO : {"timestamp":"2024-12-08T10:19:40.175Z","query":"SELECT \"public\".\"Calon\".\"id\", \"public\".\"Calon\".\"nama\", \"public\".\"Calon\".\"visiMisi\", \"public\".\"Calon\".\"prodi\", \"public\".\"Calon\".\"foto\", \"public\".\"Calon\".\"angkatan\", \"public\".\"Calon\".\"no_urut\", \"public\".\"Calon\".\"type\"::text FROM \"public\".\"Calon\" WHERE \"public\".\"Calon\".\"type\" = CAST($1::text AS \"public\".\"TypeCalon\") ORDER BY \"public\".\"Calon\".\"no_urut\" ASC OFFSET $2","params":"[\"bem\",0]","duration":90,"target":"quaint::connector::metrics"}
INFO : {"timestamp":"2024-12-08T10:19:40.219Z","query":"COMMIT","params":"[]","duration":43,"target":"quaint::connector::metrics"}
INFO : "Starting a postgresql pool with 5 connections in PgBouncer mode."
INFO : {"timestamp":"2024-12-08T10:19:55.924Z","query":"BEGIN","params":"[]","duration":46,"target":"quaint::connector::metrics"}
INFO : {"timestamp":"2024-12-08T10:19:55.971Z","query":"DEALLOCATE ALL","params":"[]","duration":46,"target":"quaint::connector::metrics"}
INFO : {"timestamp":"2024-12-08T10:19:56.065Z","query":"SELECT \"public\".\"Calon\".\"id\", \"public\".\"Calon\".\"nama\", \"public\".\"Calon\".\"visiMisi\", \"public\".\"Calon\".\"prodi\", \"public\".\"Calon\".\"foto\", \"public\".\"Calon\".\"angkatan\", \"public\".\"Calon\".\"no_urut\", \"public\".\"Calon\".\"type\"::text FROM \"public\".\"Calon\" WHERE \"public\".\"Calon\".\"id\" = $1 OFFSET $2","params":"[\"6fa540b7-27ca-4a6d-8157-256e39c1cf02\",0]","duration":93,"target":"quaint::connector::metrics"}
INFO : {"timestamp":"2024-12-08T10:19:56.112Z","query":"COMMIT","params":"[]","duration":46,"target":"quaint::connector::metrics"}
INFO : "Starting a postgresql pool with 5 connections in PgBouncer mode."
INFO : {"timestamp":"2024-12-08T10:20:26.900Z","query":"BEGIN","params":"[]","duration":49,"target":"quaint::connector::metrics"}
INFO : {"timestamp":"2024-12-08T10:20:26.960Z","query":"DEALLOCATE ALL","params":"[]","duration":60,"target":"quaint::connector::metrics"}
INFO : {"timestamp":"2024-12-08T10:20:27.059Z","query":"SELECT \"public\".\"Calon\".\"id\", \"public\".\"Calon\".\"nama\", \"public\".\"Calon\".\"visiMisi\", \"public\".\"Calon\".\"prodi\", \"public\".\"Calon\".\"foto\", \"public\".\"Calon\".\"angkatan\", \"public\".\"Calon\".\"no_urut\", \"public\".\"Calon\".\"type\"::text FROM \"public\".\"Calon\" WHERE \"public\".\"Calon\".\"type\" = CAST($1::text AS \"public\".\"TypeCalon\") ORDER BY \"public\".\"Calon\".\"no_urut\" ASC OFFSET $2","params":"[\"bem\",0]","duration":98,"target":"quaint::connector::metrics"}
INFO : {"timestamp":"2024-12-08T10:20:27.107Z","query":"COMMIT","params":"[]","duration":48,"target":"quaint::connector::metrics"}
INFO : {"timestamp":"2024-12-08T10:20:32.279Z","query":"BEGIN","params":"[]","duration":49,"target":"quaint::connector::metrics"}
INFO : {"timestamp":"2024-12-08T10:20:32.330Z","query":"DEALLOCATE ALL","params":"[]","duration":50,"target":"quaint::connector::metrics"}
INFO : {"timestamp":"2024-12-08T10:20:32.430Z","query":"SELECT \"public\".\"Calon\".\"id\", \"public\".\"Calon\".\"nama\", \"public\".\"Calon\".\"visiMisi\", \"public\".\"Calon\".\"prodi\", \"public\".\"Calon\".\"foto\", \"public\".\"Calon\".\"angkatan\", \"public\".\"Calon\".\"no_urut\", \"public\".\"Calon\".\"type\"::text FROM \"public\".\"Calon\" WHERE \"public\".\"Calon\".\"id\" = $1 OFFSET $2","params":"[\"737a2885-67e7-4060-8a3f-7afabfb8c38a\",0]","duration":100,"target":"quaint::connector::metrics"}
INFO : {"timestamp":"2024-12-08T10:20:32.480Z","query":"COMMIT","params":"[]","duration":49,"target":"quaint::connector::metrics"}
INFO : "Starting a postgresql pool with 5 connections in PgBouncer mode."
INFO : {"timestamp":"2024-12-08T10:34:14.415Z","query":"BEGIN","params":"[]","duration":45,"target":"quaint::connector::metrics"}
INFO : {"timestamp":"2024-12-08T10:34:14.460Z","query":"DEALLOCATE ALL","params":"[]","duration":45,"target":"quaint::connector::metrics"}
INFO : {"timestamp":"2024-12-08T10:34:14.556Z","query":"SELECT \"public\".\"Pemilih\".\"npm\", \"public\".\"Pemilih\".\"nama\", \"public\".\"Pemilih\".\"prodi\", \"public\".\"Pemilih\".\"status_hmp\", \"public\".\"Pemilih\".\"status_bem\", \"public\".\"Pemilih\".\"status_akun\" FROM \"public\".\"Pemilih\" WHERE \"public\".\"Pemilih\".\"npm\" = $1 OFFSET $2","params":"[\"2110020054\",0]","duration":95,"target":"quaint::connector::metrics"}
INFO : {"timestamp":"2024-12-08T10:34:14.632Z","query":"COMMIT","params":"[]","duration":76,"target":"quaint::connector::metrics"}
INFO : {"timestamp":"2024-12-08T10:34:14.682Z","query":"BEGIN","params":"[]","duration":46,"target":"quaint::connector::metrics"}
INFO : {"timestamp":"2024-12-08T10:34:14.730Z","query":"DEALLOCATE ALL","params":"[]","duration":48,"target":"quaint::connector::metrics"}
INFO : {"timestamp":"2024-12-08T10:34:14.824Z","query":"INSERT INTO \"public\".\"Pemilih\" (\"npm\",\"nama\",\"prodi\",\"status_hmp\",\"status_bem\",\"status_akun\") VALUES ($1,$2,$3,$4,$5,$6) RETURNING \"public\".\"Pemilih\".\"npm\", \"public\".\"Pemilih\".\"nama\", \"public\".\"Pemilih\".\"prodi\", \"public\".\"Pemilih\".\"status_hmp\", \"public\".\"Pemilih\".\"status_bem\", \"public\".\"Pemilih\".\"status_akun\"","params":"[\"2110020054\",\"M. YUDHISTIA RAHMAN\",\"Sistem Informasi\",false,false,\"MAHASISWA\"]","duration":93,"target":"quaint::connector::metrics"}
INFO : {"timestamp":"2024-12-08T10:34:14.870Z","query":"COMMIT","params":"[]","duration":45,"target":"quaint::connector::metrics"}
INFO : "Starting a postgresql pool with 5 connections in PgBouncer mode."
INFO : {"timestamp":"2024-12-08T10:34:21.228Z","query":"BEGIN","params":"[]","duration":44,"target":"quaint::connector::metrics"}
INFO : {"timestamp":"2024-12-08T10:34:21.273Z","query":"DEALLOCATE ALL","params":"[]","duration":45,"target":"quaint::connector::metrics"}
INFO : {"timestamp":"2024-12-08T10:34:21.430Z","query":"SELECT \"public\".\"Calon\".\"id\", \"public\".\"Calon\".\"nama\", \"public\".\"Calon\".\"visiMisi\", \"public\".\"Calon\".\"prodi\", \"public\".\"Calon\".\"foto\", \"public\".\"Calon\".\"angkatan\", \"public\".\"Calon\".\"no_urut\", \"public\".\"Calon\".\"type\"::text FROM \"public\".\"Calon\" WHERE \"public\".\"Calon\".\"type\" = CAST($1::text AS \"public\".\"TypeCalon\") ORDER BY \"public\".\"Calon\".\"no_urut\" ASC OFFSET $2","params":"[\"bem\",0]","duration":156,"target":"quaint::connector::metrics"}
INFO : {"timestamp":"2024-12-08T10:34:21.476Z","query":"COMMIT","params":"[]","duration":45,"target":"quaint::connector::metrics"}
INFO : "Starting a postgresql pool with 5 connections in PgBouncer mode."
INFO : {"timestamp":"2024-12-08T10:34:25.980Z","query":"BEGIN","params":"[]","duration":44,"target":"quaint::connector::metrics"}
INFO : {"timestamp":"2024-12-08T10:34:26.020Z","query":"DEALLOCATE ALL","params":"[]","duration":39,"target":"quaint::connector::metrics"}
INFO : {"timestamp":"2024-12-08T10:34:26.100Z","query":"SELECT \"public\".\"Calon\".\"id\", \"public\".\"Calon\".\"nama\", \"public\".\"Calon\".\"visiMisi\", \"public\".\"Calon\".\"prodi\", \"public\".\"Calon\".\"foto\", \"public\".\"Calon\".\"angkatan\", \"public\".\"Calon\".\"no_urut\", \"public\".\"Calon\".\"type\"::text FROM \"public\".\"Calon\" WHERE \"public\".\"Calon\".\"type\" = CAST($1::text AS \"public\".\"TypeCalon\") ORDER BY \"public\".\"Calon\".\"no_urut\" ASC OFFSET $2","params":"[\"bem\",0]","duration":78,"target":"quaint::connector::metrics"}
INFO : {"timestamp":"2024-12-08T10:34:26.147Z","query":"COMMIT","params":"[]","duration":43,"target":"quaint::connector::metrics"}
INFO : {"timestamp":"2024-12-08T10:35:00.328Z","query":"SELECT 1","params":"[]","duration":40,"target":"quaint::connector::metrics"}
INFO : {"timestamp":"2024-12-08T10:35:00.367Z","query":"BEGIN","params":"[]","duration":38,"target":"quaint::connector::metrics"}
INFO : {"timestamp":"2024-12-08T10:35:00.423Z","query":"DEALLOCATE ALL","params":"[]","duration":43,"target":"quaint::connector::metrics"}
INFO : {"timestamp":"2024-12-08T10:35:00.498Z","query":"SELECT \"public\".\"Calon\".\"id\", \"public\".\"Calon\".\"nama\", \"public\".\"Calon\".\"visiMisi\", \"public\".\"Calon\".\"prodi\", \"public\".\"Calon\".\"foto\", \"public\".\"Calon\".\"angkatan\", \"public\".\"Calon\".\"no_urut\", \"public\".\"Calon\".\"type\"::text FROM \"public\".\"Calon\" WHERE \"public\".\"Calon\".\"type\" = CAST($1::text AS \"public\".\"TypeCalon\") ORDER BY \"public\".\"Calon\".\"no_urut\" ASC OFFSET $2","params":"[\"si\",0]","duration":87,"target":"quaint::connector::metrics"}
INFO : {"timestamp":"2024-12-08T10:35:00.542Z","query":"COMMIT","params":"[]","duration":43,"target":"quaint::connector::metrics"}
INFO : {"timestamp":"2024-12-08T10:35:01.662Z","query":"BEGIN","params":"[]","duration":53,"target":"quaint::connector::metrics"}
INFO : {"timestamp":"2024-12-08T10:35:01.710Z","query":"DEALLOCATE ALL","params":"[]","duration":46,"target":"quaint::connector::metrics"}
INFO : {"timestamp":"2024-12-08T10:35:01.798Z","query":"SELECT \"public\".\"Calon\".\"id\", \"public\".\"Calon\".\"nama\", \"public\".\"Calon\".\"visiMisi\", \"public\".\"Calon\".\"prodi\", \"public\".\"Calon\".\"foto\", \"public\".\"Calon\".\"angkatan\", \"public\".\"Calon\".\"no_urut\", \"public\".\"Calon\".\"type\"::text FROM \"public\".\"Calon\" WHERE \"public\".\"Calon\".\"type\" = CAST($1::text AS \"public\".\"TypeCalon\") ORDER BY \"public\".\"Calon\".\"no_urut\" ASC OFFSET $2","params":"[\"si\",0]","duration":86,"target":"quaint::connector::metrics"}
INFO : {"timestamp":"2024-12-08T10:35:01.836Z","query":"COMMIT","params":"[]","duration":38,"target":"quaint::connector::metrics"}
INFO : "Starting a postgresql pool with 5 connections in PgBouncer mode."
INFO : {"timestamp":"2024-12-08T10:36:45.076Z","query":"BEGIN","params":"[]","duration":53,"target":"quaint::connector::metrics"}
INFO : {"timestamp":"2024-12-08T10:36:45.127Z","query":"DEALLOCATE ALL","params":"[]","duration":50,"target":"quaint::connector::metrics"}
INFO : {"timestamp":"2024-12-08T10:36:45.230Z","query":"SELECT \"public\".\"Calon\".\"id\", \"public\".\"Calon\".\"nama\", \"public\".\"Calon\".\"visiMisi\", \"public\".\"Calon\".\"prodi\", \"public\".\"Calon\".\"foto\", \"public\".\"Calon\".\"angkatan\", \"public\".\"Calon\".\"no_urut\", \"public\".\"Calon\".\"type\"::text FROM \"public\".\"Calon\" WHERE \"public\".\"Calon\".\"type\" = CAST($1::text AS \"public\".\"TypeCalon\") ORDER BY \"public\".\"Calon\".\"no_urut\" ASC OFFSET $2","params":"[\"si\",0]","duration":101,"target":"quaint::connector::metrics"}
INFO : {"timestamp":"2024-12-08T10:36:45.281Z","query":"COMMIT","params":"[]","duration":51,"target":"quaint::connector::metrics"}
INFO : {"timestamp":"2024-12-08T10:37:00.694Z","query":"SELECT 1","params":"[]","duration":51,"target":"quaint::connector::metrics"}
INFO : {"timestamp":"2024-12-08T10:37:00.743Z","query":"BEGIN","params":"[]","duration":48,"target":"quaint::connector::metrics"}
INFO : {"timestamp":"2024-12-08T10:37:00.790Z","query":"DEALLOCATE ALL","params":"[]","duration":47,"target":"quaint::connector::metrics"}
INFO : {"timestamp":"2024-12-08T10:37:00.892Z","query":"SELECT \"public\".\"Pemilih\".\"npm\", \"public\".\"Pemilih\".\"nama\", \"public\".\"Pemilih\".\"prodi\", \"public\".\"Pemilih\".\"status_hmp\", \"public\".\"Pemilih\".\"status_bem\", \"public\".\"Pemilih\".\"status_akun\" FROM \"public\".\"Pemilih\" WHERE \"public\".\"Pemilih\".\"npm\" = $1 OFFSET $2","params":"[\"2110020054\",0]","duration":101,"target":"quaint::connector::metrics"}
INFO : {"timestamp":"2024-12-08T10:37:00.941Z","query":"COMMIT","params":"[]","duration":49,"target":"quaint::connector::metrics"}
INFO : {"timestamp":"2024-12-08T10:37:03.236Z","query":"BEGIN","params":"[]","duration":49,"target":"quaint::connector::metrics"}
INFO : {"timestamp":"2024-12-08T10:37:03.285Z","query":"DEALLOCATE ALL","params":"[]","duration":49,"target":"quaint::connector::metrics"}
INFO : {"timestamp":"2024-12-08T10:37:03.385Z","query":"SELECT \"public\".\"Calon\".\"id\", \"public\".\"Calon\".\"nama\", \"public\".\"Calon\".\"visiMisi\", \"public\".\"Calon\".\"prodi\", \"public\".\"Calon\".\"foto\", \"public\".\"Calon\".\"angkatan\", \"public\".\"Calon\".\"no_urut\", \"public\".\"Calon\".\"type\"::text FROM \"public\".\"Calon\" WHERE \"public\".\"Calon\".\"type\" = CAST($1::text AS \"public\".\"TypeCalon\") ORDER BY \"public\".\"Calon\".\"no_urut\" ASC OFFSET $2","params":"[\"si\",0]","duration":99,"target":"quaint::connector::metrics"}
INFO : {"timestamp":"2024-12-08T10:37:03.434Z","query":"COMMIT","params":"[]","duration":49,"target":"quaint::connector::metrics"}
INFO : "Starting a postgresql pool with 5 connections in PgBouncer mode."
INFO : {"timestamp":"2024-12-08T12:24:03.067Z","query":"BEGIN","params":"[]","duration":49,"target":"quaint::connector::metrics"}
INFO : {"timestamp":"2024-12-08T12:24:03.107Z","query":"DEALLOCATE ALL","params":"[]","duration":40,"target":"quaint::connector::metrics"}
INFO : {"timestamp":"2024-12-08T12:24:03.210Z","query":"SELECT \"public\".\"Pemilih\".\"npm\", \"public\".\"Pemilih\".\"nama\", \"public\".\"Pemilih\".\"prodi\", \"public\".\"Pemilih\".\"status_hmp\", \"public\".\"Pemilih\".\"status_bem\", \"public\".\"Pemilih\".\"status_akun\" FROM \"public\".\"Pemilih\" WHERE \"public\".\"Pemilih\".\"npm\" = $1 OFFSET $2","params":"[\"2110020054\",0]","duration":102,"target":"quaint::connector::metrics"}
INFO : {"timestamp":"2024-12-08T12:24:03.257Z","query":"COMMIT","params":"[]","duration":46,"target":"quaint::connector::metrics"}
INFO : {"timestamp":"2024-12-08T12:24:16.168Z","query":"BEGIN","params":"[]","duration":48,"target":"quaint::connector::metrics"}
INFO : {"timestamp":"2024-12-08T12:24:16.219Z","query":"DEALLOCATE ALL","params":"[]","duration":50,"target":"quaint::connector::metrics"}
INFO : {"timestamp":"2024-12-08T12:24:16.317Z","query":"SELECT \"public\".\"Calon\".\"id\", \"public\".\"Calon\".\"nama\", \"public\".\"Calon\".\"visiMisi\", \"public\".\"Calon\".\"prodi\", \"public\".\"Calon\".\"foto\", \"public\".\"Calon\".\"angkatan\", \"public\".\"Calon\".\"no_urut\", \"public\".\"Calon\".\"type\"::text FROM \"public\".\"Calon\" WHERE \"public\".\"Calon\".\"type\" = CAST($1::text AS \"public\".\"TypeCalon\") ORDER BY \"public\".\"Calon\".\"no_urut\" ASC OFFSET $2","params":"[\"si\",0]","duration":98,"target":"quaint::connector::metrics"}
INFO : {"timestamp":"2024-12-08T12:24:16.367Z","query":"COMMIT","params":"[]","duration":49,"target":"quaint::connector::metrics"}
INFO : {"timestamp":"2024-12-08T12:24:18.560Z","query":"SELECT 1","params":"[]","duration":52,"target":"quaint::connector::metrics"}
INFO : {"timestamp":"2024-12-08T12:24:18.610Z","query":"BEGIN","params":"[]","duration":49,"target":"quaint::connector::metrics"}
INFO : {"timestamp":"2024-12-08T12:24:18.657Z","query":"DEALLOCATE ALL","params":"[]","duration":47,"target":"quaint::connector::metrics"}
INFO : {"timestamp":"2024-12-08T12:24:18.758Z","query":"SELECT \"public\".\"Calon\".\"id\", \"public\".\"Calon\".\"nama\", \"public\".\"Calon\".\"visiMisi\", \"public\".\"Calon\".\"prodi\", \"public\".\"Calon\".\"foto\", \"public\".\"Calon\".\"angkatan\", \"public\".\"Calon\".\"no_urut\", \"public\".\"Calon\".\"type\"::text FROM \"public\".\"Calon\" WHERE \"public\".\"Calon\".\"id\" = $1 OFFSET $2","params":"[\"6cae86fc-eea3-494d-9013-e3e5266bf6ac\",0]","duration":100,"target":"quaint::connector::metrics"}
INFO : {"timestamp":"2024-12-08T12:24:18.808Z","query":"COMMIT","params":"[]","duration":49,"target":"quaint::connector::metrics"}
INFO : {"timestamp":"2024-12-08T12:24:38.999Z","query":"SELECT 1","params":"[]","duration":51,"target":"quaint::connector::metrics"}
INFO : {"timestamp":"2024-12-08T12:24:39.049Z","query":"BEGIN","params":"[]","duration":49,"target":"quaint::connector::metrics"}
INFO : {"timestamp":"2024-12-08T12:24:39.099Z","query":"DEALLOCATE ALL","params":"[]","duration":49,"target":"quaint::connector::metrics"}
INFO : {"timestamp":"2024-12-08T12:24:39.200Z","query":"SELECT \"public\".\"Calon\".\"id\", \"public\".\"Calon\".\"nama\", \"public\".\"Calon\".\"visiMisi\", \"public\".\"Calon\".\"prodi\", \"public\".\"Calon\".\"foto\", \"public\".\"Calon\".\"angkatan\", \"public\".\"Calon\".\"no_urut\", \"public\".\"Calon\".\"type\"::text FROM \"public\".\"Calon\" WHERE \"public\".\"Calon\".\"type\" = CAST($1::text AS \"public\".\"TypeCalon\") ORDER BY \"public\".\"Calon\".\"no_urut\" ASC OFFSET $2","params":"[\"bem\",0]","duration":100,"target":"quaint::connector::metrics"}
INFO : {"timestamp":"2024-12-08T12:24:39.249Z","query":"COMMIT","params":"[]","duration":49,"target":"quaint::connector::metrics"}
INFO : {"timestamp":"2024-12-08T12:24:43.249Z","query":"BEGIN","params":"[]","duration":50,"target":"quaint::connector::metrics"}
INFO : {"timestamp":"2024-12-08T12:24:43.299Z","query":"DEALLOCATE ALL","params":"[]","duration":49,"target":"quaint::connector::metrics"}
INFO : {"timestamp":"2024-12-08T12:24:43.399Z","query":"SELECT \"public\".\"Calon\".\"id\", \"public\".\"Calon\".\"nama\", \"public\".\"Calon\".\"visiMisi\", \"public\".\"Calon\".\"prodi\", \"public\".\"Calon\".\"foto\", \"public\".\"Calon\".\"angkatan\", \"public\".\"Calon\".\"no_urut\", \"public\".\"Calon\".\"type\"::text FROM \"public\".\"Calon\" WHERE \"public\".\"Calon\".\"id\" = $1 OFFSET $2","params":"[\"737a2885-67e7-4060-8a3f-7afabfb8c38a\",0]","duration":99,"target":"quaint::connector::metrics"}
INFO : {"timestamp":"2024-12-08T12:24:43.451Z","query":"COMMIT","params":"[]","duration":52,"target":"quaint::connector::metrics"}
INFO : {"timestamp":"2024-12-08T12:24:55.030Z","query":"SELECT 1","params":"[]","duration":47,"target":"quaint::connector::metrics"}
INFO : {"timestamp":"2024-12-08T12:24:55.080Z","query":"BEGIN","params":"[]","duration":49,"target":"quaint::connector::metrics"}
INFO : {"timestamp":"2024-12-08T12:24:55.129Z","query":"DEALLOCATE ALL","params":"[]","duration":49,"target":"quaint::connector::metrics"}
INFO : {"timestamp":"2024-12-08T12:24:55.231Z","query":"SELECT \"public\".\"Calon\".\"id\", \"public\".\"Calon\".\"nama\", \"public\".\"Calon\".\"visiMisi\", \"public\".\"Calon\".\"prodi\", \"public\".\"Calon\".\"foto\", \"public\".\"Calon\".\"angkatan\", \"public\".\"Calon\".\"no_urut\", \"public\".\"Calon\".\"type\"::text FROM \"public\".\"Calon\" WHERE \"public\".\"Calon\".\"id\" = $1 OFFSET $2","params":"[\"6fa540b7-27ca-4a6d-8157-256e39c1cf02\",0]","duration":101,"target":"quaint::connector::metrics"}
INFO : {"timestamp":"2024-12-08T12:24:55.280Z","query":"COMMIT","params":"[]","duration":48,"target":"quaint::connector::metrics"}
INFO : "Starting a postgresql pool with 5 connections in PgBouncer mode."
INFO : {"timestamp":"2024-12-08T13:14:38.492Z","query":"BEGIN","params":"[]","duration":48,"target":"quaint::connector::metrics"}
INFO : {"timestamp":"2024-12-08T13:14:38.544Z","query":"DEALLOCATE ALL","params":"[]","duration":51,"target":"quaint::connector::metrics"}
INFO : {"timestamp":"2024-12-08T13:14:38.642Z","query":"SELECT \"public\".\"Pemilih\".\"npm\", \"public\".\"Pemilih\".\"nama\", \"public\".\"Pemilih\".\"prodi\", \"public\".\"Pemilih\".\"status_hmp\", \"public\".\"Pemilih\".\"status_bem\", \"public\".\"Pemilih\".\"status_akun\" FROM \"public\".\"Pemilih\" WHERE \"public\".\"Pemilih\".\"npm\" = $1 OFFSET $2","params":"[\"2110020054\",0]","duration":97,"target":"quaint::connector::metrics"}
INFO : {"timestamp":"2024-12-08T13:14:38.692Z","query":"COMMIT","params":"[]","duration":49,"target":"quaint::connector::metrics"}
INFO : {"timestamp":"2024-12-08T13:27:45.975Z","query":"BEGIN","params":"[]","duration":49,"target":"quaint::connector::metrics"}
INFO : {"timestamp":"2024-12-08T13:27:46.025Z","query":"DEALLOCATE ALL","params":"[]","duration":49,"target":"quaint::connector::metrics"}
INFO : {"timestamp":"2024-12-08T13:27:46.125Z","query":"SELECT \"public\".\"Pemilih\".\"npm\", \"public\".\"Pemilih\".\"nama\", \"public\".\"Pemilih\".\"prodi\", \"public\".\"Pemilih\".\"status_hmp\", \"public\".\"Pemilih\".\"status_bem\", \"public\".\"Pemilih\".\"status_akun\" FROM \"public\".\"Pemilih\" WHERE \"public\".\"Pemilih\".\"npm\" = $1 OFFSET $2","params":"[\"2110020054\",0]","duration":99,"target":"quaint::connector::metrics"}
INFO : {"timestamp":"2024-12-08T13:27:46.175Z","query":"COMMIT","params":"[]","duration":49,"target":"quaint::connector::metrics"}
INFO : "Starting a postgresql pool with 5 connections in PgBouncer mode."
INFO : {"timestamp":"2024-12-08T13:34:40.784Z","query":"BEGIN","params":"[]","duration":49,"target":"quaint::connector::metrics"}
INFO : {"timestamp":"2024-12-08T13:34:40.834Z","query":"DEALLOCATE ALL","params":"[]","duration":49,"target":"quaint::connector::metrics"}
INFO : {"timestamp":"2024-12-08T13:34:40.934Z","query":"SELECT \"public\".\"Calon\".\"id\", \"public\".\"Calon\".\"nama\", \"public\".\"Calon\".\"visiMisi\", \"public\".\"Calon\".\"prodi\", \"public\".\"Calon\".\"foto\", \"public\".\"Calon\".\"angkatan\", \"public\".\"Calon\".\"no_urut\", \"public\".\"Calon\".\"type\"::text FROM \"public\".\"Calon\" WHERE 1=1 ORDER BY \"public\".\"Calon\".\"no_urut\" ASC OFFSET $1","params":"[0]","duration":99,"target":"quaint::connector::metrics"}
INFO : {"timestamp":"2024-12-08T13:34:40.985Z","query":"COMMIT","params":"[]","duration":50,"target":"quaint::connector::metrics"}
INFO : {"timestamp":"2024-12-08T13:34:41.046Z","query":"BEGIN","params":"[]","duration":50,"target":"quaint::connector::metrics"}
INFO : {"timestamp":"2024-12-08T13:34:41.094Z","query":"DEALLOCATE ALL","params":"[]","duration":48,"target":"quaint::connector::metrics"}
INFO : {"timestamp":"2024-12-08T13:34:41.194Z","query":"SELECT COUNT(*) FROM (SELECT \"public\".\"Calon\".\"id\" FROM \"public\".\"Calon\" WHERE 1=1 OFFSET $1) AS \"sub\"","params":"[0]","duration":100,"target":"quaint::connector::metrics"}
INFO : {"timestamp":"2024-12-08T13:34:41.244Z","query":"COMMIT","params":"[]","duration":49,"target":"quaint::connector::metrics"}
INFO : {"timestamp":"2024-12-08T13:34:41.374Z","query":"BEGIN","params":"[]","duration":46,"target":"quaint::connector::metrics"}
INFO : {"timestamp":"2024-12-08T13:34:41.424Z","query":"DEALLOCATE ALL","params":"[]","duration":48,"target":"quaint::connector::metrics"}
INFO : {"timestamp":"2024-12-08T13:34:41.524Z","query":"SELECT \"public\".\"Calon\".\"id\", \"public\".\"Calon\".\"nama\", \"public\".\"Calon\".\"visiMisi\", \"public\".\"Calon\".\"prodi\", \"public\".\"Calon\".\"foto\", \"public\".\"Calon\".\"angkatan\", \"public\".\"Calon\".\"no_urut\", \"public\".\"Calon\".\"type\"::text FROM \"public\".\"Calon\" WHERE 1=1 ORDER BY \"public\".\"Calon\".\"no_urut\" ASC OFFSET $1","params":"[0]","duration":96,"target":"quaint::connector::metrics"}
INFO : {"timestamp":"2024-12-08T13:34:41.714Z","query":"COMMIT","params":"[]","duration":51,"target":"quaint::connector::metrics"}
INFO : {"timestamp":"2024-12-08T13:34:41.845Z","query":"BEGIN","params":"[]","duration":48,"target":"quaint::connector::metrics"}
INFO : {"timestamp":"2024-12-08T13:34:41.846Z","query":"DEALLOCATE ALL","params":"[]","duration":50,"target":"quaint::connector::metrics"}
INFO : {"timestamp":"2024-12-08T13:34:41.944Z","query":"SELECT COUNT(*) FROM (SELECT \"public\".\"Calon\".\"id\" FROM \"public\".\"Calon\" WHERE 1=1 OFFSET $1) AS \"sub\"","params":"[0]","duration":97,"target":"quaint::connector::metrics"}
INFO : {"timestamp":"2024-12-08T13:34:41.973Z","query":"COMMIT","params":"[]","duration":50,"target":"quaint::connector::metrics"}
INFO : "Starting a postgresql pool with 5 connections in PgBouncer mode."
INFO : {"timestamp":"2024-12-08T13:35:26.694Z","query":"BEGIN","params":"[]","duration":49,"target":"quaint::connector::metrics"}
INFO : {"timestamp":"2024-12-08T13:35:26.744Z","query":"DEALLOCATE ALL","params":"[]","duration":50,"target":"quaint::connector::metrics"}
INFO : {"timestamp":"2024-12-08T13:35:26.854Z","query":"SELECT \"public\".\"Calon\".\"id\", \"public\".\"Calon\".\"nama\", \"public\".\"Calon\".\"visiMisi\", \"public\".\"Calon\".\"prodi\", \"public\".\"Calon\".\"foto\", \"public\".\"Calon\".\"angkatan\", \"public\".\"Calon\".\"no_urut\", \"public\".\"Calon\".\"type\"::text FROM \"public\".\"Calon\" WHERE 1=1 ORDER BY \"public\".\"Calon\".\"no_urut\" ASC OFFSET $1","params":"[0]","duration":105,"target":"quaint::connector::metrics"}
INFO : {"timestamp":"2024-12-08T13:35:26.904Z","query":"COMMIT","params":"[]","duration":48,"target":"quaint::connector::metrics"}
INFO : {"timestamp":"2024-12-08T13:35:26.964Z","query":"BEGIN","params":"[]","duration":53,"target":"quaint::connector::metrics"}
INFO : {"timestamp":"2024-12-08T13:35:27.015Z","query":"DEALLOCATE ALL","params":"[]","duration":50,"target":"quaint::connector::metrics"}
INFO : {"timestamp":"2024-12-08T13:35:27.115Z","query":"SELECT COUNT(*) FROM (SELECT \"public\".\"Calon\".\"id\" FROM \"public\".\"Calon\" WHERE 1=1 OFFSET $1) AS \"sub\"","params":"[0]","duration":99,"target":"quaint::connector::metrics"}
INFO : {"timestamp":"2024-12-08T13:35:27.164Z","query":"COMMIT","params":"[]","duration":48,"target":"quaint::connector::metrics"}
INFO : {"timestamp":"2024-12-08T13:35:27.344Z","query":"BEGIN","params":"[]","duration":59,"target":"quaint::connector::metrics"}
INFO : {"timestamp":"2024-12-08T13:35:27.397Z","query":"DEALLOCATE ALL","params":"[]","duration":51,"target":"quaint::connector::metrics"}
INFO : {"timestamp":"2024-12-08T13:35:27.514Z","query":"SELECT \"public\".\"Calon\".\"id\", \"public\".\"Calon\".\"nama\", \"public\".\"Calon\".\"visiMisi\", \"public\".\"Calon\".\"prodi\", \"public\".\"Calon\".\"foto\", \"public\".\"Calon\".\"angkatan\", \"public\".\"Calon\".\"no_urut\", \"public\".\"Calon\".\"type\"::text FROM \"public\".\"Calon\" WHERE 1=1 ORDER BY \"public\".\"Calon\".\"no_urut\" ASC OFFSET $1","params":"[0]","duration":116,"target":"quaint::connector::metrics"}
INFO : {"timestamp":"2024-12-08T13:35:27.567Z","query":"COMMIT","params":"[]","duration":51,"target":"quaint::connector::metrics"}
INFO : {"timestamp":"2024-12-08T13:35:27.629Z","query":"BEGIN","params":"[]","duration":52,"target":"quaint::connector::metrics"}
INFO : {"timestamp":"2024-12-08T13:35:27.698Z","query":"DEALLOCATE ALL","params":"[]","duration":50,"target":"quaint::connector::metrics"}
INFO : {"timestamp":"2024-12-08T13:35:27.785Z","query":"SELECT COUNT(*) FROM (SELECT \"public\".\"Calon\".\"id\" FROM \"public\".\"Calon\" WHERE 1=1 OFFSET $1) AS \"sub\"","params":"[0]","duration":107,"target":"quaint::connector::metrics"}
INFO : {"timestamp":"2024-12-08T13:35:27.837Z","query":"COMMIT","params":"[]","duration":52,"target":"quaint::connector::metrics"}
INFO : "Starting a postgresql pool with 5 connections in PgBouncer mode."
INFO : {"timestamp":"2024-12-08T13:35:58.884Z","query":"BEGIN","params":"[]","duration":61,"target":"quaint::connector::metrics"}
INFO : {"timestamp":"2024-12-08T13:35:58.946Z","query":"DEALLOCATE ALL","params":"[]","duration":64,"target":"quaint::connector::metrics"}
INFO : {"timestamp":"2024-12-08T13:35:59.095Z","query":"SELECT \"public\".\"Calon\".\"id\", \"public\".\"Calon\".\"nama\", \"public\".\"Calon\".\"visiMisi\", \"public\".\"Calon\".\"prodi\", \"public\".\"Calon\".\"foto\", \"public\".\"Calon\".\"angkatan\", \"public\".\"Calon\".\"no_urut\", \"public\".\"Calon\".\"type\"::text FROM \"public\".\"Calon\" WHERE 1=1 ORDER BY \"public\".\"Calon\".\"no_urut\" ASC OFFSET $1","params":"[0]","duration":110,"target":"quaint::connector::metrics"}
INFO : {"timestamp":"2024-12-08T13:35:59.139Z","query":"COMMIT","params":"[]","duration":59,"target":"quaint::connector::metrics"}
INFO : {"timestamp":"2024-12-08T13:35:59.235Z","query":"BEGIN","params":"[]","duration":59,"target":"quaint::connector::metrics"}
INFO : {"timestamp":"2024-12-08T13:35:59.280Z","query":"DEALLOCATE ALL","params":"[]","duration":54,"target":"quaint::connector::metrics"}
INFO : {"timestamp":"2024-12-08T13:35:59.720Z","query":"SELECT COUNT(*) FROM (SELECT \"public\".\"Calon\".\"id\" FROM \"public\".\"Calon\" WHERE 1=1 OFFSET $1) AS \"sub\"","params":"[0]","duration":107,"target":"quaint::connector::metrics"}
INFO : {"timestamp":"2024-12-08T13:35:59.721Z","query":"COMMIT","params":"[]","duration":76,"target":"quaint::connector::metrics"}
INFO : "Starting a postgresql pool with 5 connections in PgBouncer mode."
INFO : {"timestamp":"2024-12-08T13:36:01.046Z","query":"BEGIN","params":"[]","duration":51,"target":"quaint::connector::metrics"}
INFO : {"timestamp":"2024-12-08T13:36:01.165Z","query":"DEALLOCATE ALL","params":"[]","duration":48,"target":"quaint::connector::metrics"}
INFO : {"timestamp":"2024-12-08T13:36:01.436Z","query":"SELECT \"public\".\"Calon\".\"id\", \"public\".\"Calon\".\"nama\", \"public\".\"Calon\".\"visiMisi\", \"public\".\"Calon\".\"prodi\", \"public\".\"Calon\".\"foto\", \"public\".\"Calon\".\"angkatan\", \"public\".\"Calon\".\"no_urut\", \"public\".\"Calon\".\"type\"::text FROM \"public\".\"Calon\" WHERE 1=1 ORDER BY \"public\".\"Calon\".\"no_urut\" ASC OFFSET $1","params":"[0]","duration":101,"target":"quaint::connector::metrics"}
INFO : {"timestamp":"2024-12-08T13:36:01.436Z","query":"COMMIT","params":"[]","duration":47,"target":"quaint::connector::metrics"}
INFO : {"timestamp":"2024-12-08T13:36:01.518Z","query":"BEGIN","params":"[]","duration":47,"target":"quaint::connector::metrics"}
INFO : {"timestamp":"2024-12-08T13:36:01.553Z","query":"DEALLOCATE ALL","params":"[]","duration":50,"target":"quaint::connector::metrics"}
INFO : {"timestamp":"2024-12-08T13:36:01.650Z","query":"SELECT COUNT(*) FROM (SELECT \"public\".\"Calon\".\"id\" FROM \"public\".\"Calon\" WHERE 1=1 OFFSET $1) AS \"sub\"","params":"[0]","duration":106,"target":"quaint::connector::metrics"}
INFO : {"timestamp":"2024-12-08T13:36:01.694Z","query":"COMMIT","params":"[]","duration":50,"target":"quaint::connector::metrics"}
INFO : "Starting a postgresql pool with 5 connections in PgBouncer mode."
INFO : {"timestamp":"2024-12-08T13:38:57.292Z","query":"BEGIN","params":"[]","duration":49,"target":"quaint::connector::metrics"}
INFO : {"timestamp":"2024-12-08T13:38:57.344Z","query":"DEALLOCATE ALL","params":"[]","duration":51,"target":"quaint::connector::metrics"}
INFO : {"timestamp":"2024-12-08T13:38:57.434Z","query":"SELECT \"public\".\"Calon\".\"id\", \"public\".\"Calon\".\"nama\", \"public\".\"Calon\".\"visiMisi\", \"public\".\"Calon\".\"prodi\", \"public\".\"Calon\".\"foto\", \"public\".\"Calon\".\"angkatan\", \"public\".\"Calon\".\"no_urut\", \"public\".\"Calon\".\"type\"::text FROM \"public\".\"Calon\" WHERE 1=1 ORDER BY \"public\".\"Calon\".\"no_urut\" ASC OFFSET $1","params":"[0]","duration":90,"target":"quaint::connector::metrics"}
INFO : {"timestamp":"2024-12-08T13:38:57.482Z","query":"COMMIT","params":"[]","duration":47,"target":"quaint::connector::metrics"}
INFO : {"timestamp":"2024-12-08T13:38:57.532Z","query":"BEGIN","params":"[]","duration":46,"target":"quaint::connector::metrics"}
INFO : {"timestamp":"2024-12-08T13:38:57.582Z","query":"DEALLOCATE ALL","params":"[]","duration":49,"target":"quaint::connector::metrics"}
INFO : {"timestamp":"2024-12-08T13:38:57.682Z","query":"SELECT COUNT(*) FROM (SELECT \"public\".\"Calon\".\"id\" FROM \"public\".\"Calon\" WHERE 1=1 OFFSET $1) AS \"sub\"","params":"[0]","duration":100,"target":"quaint::connector::metrics"}
INFO : {"timestamp":"2024-12-08T13:38:57.732Z","query":"COMMIT","params":"[]","duration":49,"target":"quaint::connector::metrics"}
INFO : {"timestamp":"2024-12-08T13:38:57.923Z","query":"BEGIN","params":"[]","duration":47,"target":"quaint::connector::metrics"}
INFO : {"timestamp":"2024-12-08T13:38:57.973Z","query":"DEALLOCATE ALL","params":"[]","duration":49,"target":"quaint::connector::metrics"}
INFO : {"timestamp":"2024-12-08T13:38:58.072Z","query":"SELECT \"public\".\"Calon\".\"id\", \"public\".\"Calon\".\"nama\", \"public\".\"Calon\".\"visiMisi\", \"public\".\"Calon\".\"prodi\", \"public\".\"Calon\".\"foto\", \"public\".\"Calon\".\"angkatan\", \"public\".\"Calon\".\"no_urut\", \"public\".\"Calon\".\"type\"::text FROM \"public\".\"Calon\" WHERE 1=1 ORDER BY \"public\".\"Calon\".\"no_urut\" ASC OFFSET $1","params":"[0]","duration":97,"target":"quaint::connector::metrics"}
INFO : {"timestamp":"2024-12-08T13:38:58.122Z","query":"COMMIT","params":"[]","duration":49,"target":"quaint::connector::metrics"}
INFO : {"timestamp":"2024-12-08T13:38:58.174Z","query":"BEGIN","params":"[]","duration":47,"target":"quaint::connector::metrics"}
INFO : {"timestamp":"2024-12-08T13:38:58.222Z","query":"DEALLOCATE ALL","params":"[]","duration":48,"target":"quaint::connector::metrics"}
INFO : {"timestamp":"2024-12-08T13:38:58.322Z","query":"SELECT COUNT(*) FROM (SELECT \"public\".\"Calon\".\"id\" FROM \"public\".\"Calon\" WHERE 1=1 OFFSET $1) AS \"sub\"","params":"[0]","duration":99,"target":"quaint::connector::metrics"}
INFO : {"timestamp":"2024-12-08T13:38:58.372Z","query":"COMMIT","params":"[]","duration":48,"target":"quaint::connector::metrics"}
INFO : "Starting a postgresql pool with 5 connections in PgBouncer mode."
INFO : {"timestamp":"2024-12-08T13:39:32.953Z","query":"BEGIN","params":"[]","duration":67,"target":"quaint::connector::metrics"}
INFO : {"timestamp":"2024-12-08T13:39:33.002Z","query":"DEALLOCATE ALL","params":"[]","duration":49,"target":"quaint::connector::metrics"}
INFO : {"timestamp":"2024-12-08T13:39:33.101Z","query":"SELECT \"public\".\"Calon\".\"id\", \"public\".\"Calon\".\"nama\", \"public\".\"Calon\".\"visiMisi\", \"public\".\"Calon\".\"prodi\", \"public\".\"Calon\".\"foto\", \"public\".\"Calon\".\"angkatan\", \"public\".\"Calon\".\"no_urut\", \"public\".\"Calon\".\"type\"::text FROM \"public\".\"Calon\" WHERE 1=1 ORDER BY \"public\".\"Calon\".\"no_urut\" ASC OFFSET $1","params":"[0]","duration":99,"target":"quaint::connector::metrics"}
INFO : {"timestamp":"2024-12-08T13:39:33.153Z","query":"COMMIT","params":"[]","duration":51,"target":"quaint::connector::metrics"}
INFO : {"timestamp":"2024-12-08T13:39:33.201Z","query":"BEGIN","params":"[]","duration":44,"target":"quaint::connector::metrics"}
INFO : {"timestamp":"2024-12-08T13:39:33.251Z","query":"DEALLOCATE ALL","params":"[]","duration":49,"target":"quaint::connector::metrics"}
INFO : {"timestamp":"2024-12-08T13:39:33.368Z","query":"SELECT COUNT(*) FROM (SELECT \"public\".\"Calon\".\"id\" FROM \"public\".\"Calon\" WHERE 1=1 OFFSET $1) AS \"sub\"","params":"[0]","duration":116,"target":"quaint::connector::metrics"}
INFO : {"timestamp":"2024-12-08T13:39:33.427Z","query":"COMMIT","params":"[]","duration":59,"target":"quaint::connector::metrics"}
INFO : {"timestamp":"2024-12-08T13:39:33.572Z","query":"BEGIN","params":"[]","duration":52,"target":"quaint::connector::metrics"}
INFO : {"timestamp":"2024-12-08T13:39:33.622Z","query":"DEALLOCATE ALL","params":"[]","duration":51,"target":"quaint::connector::metrics"}
INFO : {"timestamp":"2024-12-08T13:39:33.722Z","query":"SELECT \"public\".\"Calon\".\"id\", \"public\".\"Calon\".\"nama\", \"public\".\"Calon\".\"visiMisi\", \"public\".\"Calon\".\"prodi\", \"public\".\"Calon\".\"foto\", \"public\".\"Calon\".\"angkatan\", \"public\".\"Calon\".\"no_urut\", \"public\".\"Calon\".\"type\"::text FROM \"public\".\"Calon\" WHERE 1=1 ORDER BY \"public\".\"Calon\".\"no_urut\" ASC OFFSET $1","params":"[0]","duration":98,"target":"quaint::connector::metrics"}
INFO : {"timestamp":"2024-12-08T13:39:33.772Z","query":"COMMIT","params":"[]","duration":50,"target":"quaint::connector::metrics"}
INFO : {"timestamp":"2024-12-08T13:39:33.821Z","query":"BEGIN","params":"[]","duration":45,"target":"quaint::connector::metrics"}
INFO : {"timestamp":"2024-12-08T13:39:33.871Z","query":"DEALLOCATE ALL","params":"[]","duration":48,"target":"quaint::connector::metrics"}
INFO : {"timestamp":"2024-12-08T13:39:33.974Z","query":"SELECT COUNT(*) FROM (SELECT \"public\".\"Calon\".\"id\" FROM \"public\".\"Calon\" WHERE 1=1 OFFSET $1) AS \"sub\"","params":"[0]","duration":99,"target":"quaint::connector::metrics"}
INFO : {"timestamp":"2024-12-08T13:39:34.025Z","query":"COMMIT","params":"[]","duration":49,"target":"quaint::connector::metrics"}
INFO : "Starting a postgresql pool with 5 connections in PgBouncer mode."
INFO : {"timestamp":"2024-12-08T13:40:24.032Z","query":"BEGIN","params":"[]","duration":47,"target":"quaint::connector::metrics"}
INFO : {"timestamp":"2024-12-08T13:40:24.086Z","query":"DEALLOCATE ALL","params":"[]","duration":51,"target":"quaint::connector::metrics"}
INFO : {"timestamp":"2024-12-08T13:40:24.192Z","query":"SELECT \"public\".\"Calon\".\"id\", \"public\".\"Calon\".\"nama\", \"public\".\"Calon\".\"visiMisi\", \"public\".\"Calon\".\"prodi\", \"public\".\"Calon\".\"foto\", \"public\".\"Calon\".\"angkatan\", \"public\".\"Calon\".\"no_urut\", \"public\".\"Calon\".\"type\"::text FROM \"public\".\"Calon\" WHERE 1=1 ORDER BY \"public\".\"Calon\".\"no_urut\" ASC OFFSET $1","params":"[0]","duration":106,"target":"quaint::connector::metrics"}
INFO : {"timestamp":"2024-12-08T13:40:24.247Z","query":"COMMIT","params":"[]","duration":52,"target":"quaint::connector::metrics"}
INFO : {"timestamp":"2024-12-08T13:40:24.304Z","query":"BEGIN","params":"[]","duration":53,"target":"quaint::connector::metrics"}
INFO : {"timestamp":"2024-12-08T13:40:24.352Z","query":"DEALLOCATE ALL","params":"[]","duration":48,"target":"quaint::connector::metrics"}
INFO : {"timestamp":"2024-12-08T13:40:24.458Z","query":"SELECT COUNT(*) FROM (SELECT \"public\".\"Calon\".\"id\" FROM \"public\".\"Calon\" WHERE 1=1 OFFSET $1) AS \"sub\"","params":"[0]","duration":100,"target":"quaint::connector::metrics"}
INFO : {"timestamp":"2024-12-08T13:40:24.517Z","query":"COMMIT","params":"[]","duration":49,"target":"quaint::connector::metrics"}
INFO : {"timestamp":"2024-12-08T13:40:27.570Z","query":"BEGIN","params":"[]","duration":51,"target":"quaint::connector::metrics"}
INFO : {"timestamp":"2024-12-08T13:40:27.620Z","query":"DEALLOCATE ALL","params":"[]","duration":50,"target":"quaint::connector::metrics"}
INFO : {"timestamp":"2024-12-08T13:40:27.720Z","query":"SELECT \"public\".\"Calon\".\"id\", \"public\".\"Calon\".\"nama\", \"public\".\"Calon\".\"visiMisi\", \"public\".\"Calon\".\"prodi\", \"public\".\"Calon\".\"foto\", \"public\".\"Calon\".\"angkatan\", \"public\".\"Calon\".\"no_urut\", \"public\".\"Calon\".\"type\"::text FROM \"public\".\"Calon\" WHERE 1=1 ORDER BY \"public\".\"Calon\".\"no_urut\" ASC OFFSET $1","params":"[0]","duration":99,"target":"quaint::connector::metrics"}
INFO : {"timestamp":"2024-12-08T13:40:27.770Z","query":"COMMIT","params":"[]","duration":50,"target":"quaint::connector::metrics"}
INFO : {"timestamp":"2024-12-08T13:40:27.820Z","query":"BEGIN","params":"[]","duration":47,"target":"quaint::connector::metrics"}
INFO : {"timestamp":"2024-12-08T13:40:27.870Z","query":"DEALLOCATE ALL","params":"[]","duration":50,"target":"quaint::connector::metrics"}
INFO : {"timestamp":"2024-12-08T13:40:27.970Z","query":"SELECT COUNT(*) FROM (SELECT \"public\".\"Calon\".\"id\" FROM \"public\".\"Calon\" WHERE 1=1 OFFSET $1) AS \"sub\"","params":"[0]","duration":99,"target":"quaint::connector::metrics"}
INFO : {"timestamp":"2024-12-08T13:40:28.020Z","query":"COMMIT","params":"[]","duration":49,"target":"quaint::connector::metrics"}
INFO : {"timestamp":"2024-12-08T13:40:28.182Z","query":"BEGIN","params":"[]","duration":53,"target":"quaint::connector::metrics"}
INFO : {"timestamp":"2024-12-08T13:40:28.220Z","query":"DEALLOCATE ALL","params":"[]","duration":39,"target":"quaint::connector::metrics"}
INFO : {"timestamp":"2024-12-08T13:40:28.320Z","query":"SELECT \"public\".\"Calon\".\"id\", \"public\".\"Calon\".\"nama\", \"public\".\"Calon\".\"visiMisi\", \"public\".\"Calon\".\"prodi\", \"public\".\"Calon\".\"foto\", \"public\".\"Calon\".\"angkatan\", \"public\".\"Calon\".\"no_urut\", \"public\".\"Calon\".\"type\"::text FROM \"public\".\"Calon\" WHERE 1=1 ORDER BY \"public\".\"Calon\".\"no_urut\" ASC OFFSET $1","params":"[0]","duration":100,"target":"quaint::connector::metrics"}
INFO : {"timestamp":"2024-12-08T13:40:28.362Z","query":"COMMIT","params":"[]","duration":39,"target":"quaint::connector::metrics"}
INFO : {"timestamp":"2024-12-08T13:40:28.411Z","query":"BEGIN","params":"[]","duration":46,"target":"quaint::connector::metrics"}
INFO : {"timestamp":"2024-12-08T13:40:28.460Z","query":"DEALLOCATE ALL","params":"[]","duration":50,"target":"quaint::connector::metrics"}
INFO : {"timestamp":"2024-12-08T13:40:28.560Z","query":"SELECT COUNT(*) FROM (SELECT \"public\".\"Calon\".\"id\" FROM \"public\".\"Calon\" WHERE 1=1 OFFSET $1) AS \"sub\"","params":"[0]","duration":99,"target":"quaint::connector::metrics"}
INFO : {"timestamp":"2024-12-08T13:40:28.611Z","query":"COMMIT","params":"[]","duration":50,"target":"quaint::connector::metrics"}
INFO : "Starting a postgresql pool with 5 connections in PgBouncer mode."
INFO : {"timestamp":"2024-12-08T13:40:41.672Z","query":"BEGIN","params":"[]","duration":50,"target":"quaint::connector::metrics"}
INFO : {"timestamp":"2024-12-08T13:40:41.720Z","query":"DEALLOCATE ALL","params":"[]","duration":47,"target":"quaint::connector::metrics"}
INFO : {"timestamp":"2024-12-08T13:40:41.820Z","query":"SELECT \"public\".\"Calon\".\"id\", \"public\".\"Calon\".\"nama\", \"public\".\"Calon\".\"visiMisi\", \"public\".\"Calon\".\"prodi\", \"public\".\"Calon\".\"foto\", \"public\".\"Calon\".\"angkatan\", \"public\".\"Calon\".\"no_urut\", \"public\".\"Calon\".\"type\"::text FROM \"public\".\"Calon\" WHERE \"public\".\"Calon\".\"id\" = $1 OFFSET $2","params":"[\"6cae86fc-eea3-494d-9013-e3e5266bf6ac\",0]","duration":99,"target":"quaint::connector::metrics"}
INFO : {"timestamp":"2024-12-08T13:40:41.870Z","query":"COMMIT","params":"[]","duration":49,"target":"quaint::connector::metrics"}
INFO : {"timestamp":"2024-12-08T13:40:41.920Z","query":"BEGIN","params":"[]","duration":47,"target":"quaint::connector::metrics"}
INFO : {"timestamp":"2024-12-08T13:40:41.970Z","query":"DEALLOCATE ALL","params":"[]","duration":49,"target":"quaint::connector::metrics"}
INFO : {"timestamp":"2024-12-08T13:40:42.070Z","query":"DELETE FROM \"public\".\"Calon\" WHERE \"public\".\"Calon\".\"id\" = $1","params":"[\"6cae86fc-eea3-494d-9013-e3e5266bf6ac\"]","duration":100,"target":"quaint::connector::metrics"}
INFO : {"timestamp":"2024-12-08T13:40:42.120Z","query":"COMMIT","params":"[]","duration":49,"target":"quaint::connector::metrics"}
INFO : {"timestamp":"2024-12-08T13:40:59.141Z","query":"SELECT 1","params":"[]","duration":50,"target":"quaint::connector::metrics"}
INFO : {"timestamp":"2024-12-08T13:40:59.194Z","query":"BEGIN","params":"[]","duration":50,"target":"quaint::connector::metrics"}
INFO : {"timestamp":"2024-12-08T13:40:59.240Z","query":"DEALLOCATE ALL","params":"[]","duration":45,"target":"quaint::connector::metrics"}
INFO : {"timestamp":"2024-12-08T13:40:59.340Z","query":"SELECT \"public\".\"Calon\".\"id\", \"public\".\"Calon\".\"nama\", \"public\".\"Calon\".\"visiMisi\", \"public\".\"Calon\".\"prodi\", \"public\".\"Calon\".\"foto\", \"public\".\"Calon\".\"angkatan\", \"public\".\"Calon\".\"no_urut\", \"public\".\"Calon\".\"type\"::text FROM \"public\".\"Calon\" WHERE \"public\".\"Calon\".\"id\" = $1 OFFSET $2","params":"[\"6cae86fc-eea3-494d-9013-e3e5266bf6ac\",0]","duration":96,"target":"quaint::connector::metrics"}
INFO : {"timestamp":"2024-12-08T13:40:59.392Z","query":"COMMIT","params":"[]","duration":52,"target":"quaint::connector::metrics"}
INFO : {"timestamp":"2024-12-08T13:41:06.090Z","query":"BEGIN","params":"[]","duration":55,"target":"quaint::connector::metrics"}
INFO : {"timestamp":"2024-12-08T13:41:06.140Z","query":"DEALLOCATE ALL","params":"[]","duration":49,"target":"quaint::connector::metrics"}
INFO : {"timestamp":"2024-12-08T13:41:06.240Z","query":"SELECT \"public\".\"Calon\".\"id\", \"public\".\"Calon\".\"nama\", \"public\".\"Calon\".\"visiMisi\", \"public\".\"Calon\".\"prodi\", \"public\".\"Calon\".\"foto\", \"public\".\"Calon\".\"angkatan\", \"public\".\"Calon\".\"no_urut\", \"public\".\"Calon\".\"type\"::text FROM \"public\".\"Calon\" WHERE 1=1 ORDER BY \"public\".\"Calon\".\"no_urut\" ASC OFFSET $1","params":"[0]","duration":99,"target":"quaint::connector::metrics"}
INFO : {"timestamp":"2024-12-08T13:41:06.294Z","query":"COMMIT","params":"[]","duration":54,"target":"quaint::connector::metrics"}
INFO : {"timestamp":"2024-12-08T13:41:06.350Z","query":"BEGIN","params":"[]","duration":53,"target":"quaint::connector::metrics"}
INFO : {"timestamp":"2024-12-08T13:41:06.400Z","query":"DEALLOCATE ALL","params":"[]","duration":49,"target":"quaint::connector::metrics"}
INFO : {"timestamp":"2024-12-08T13:41:06.500Z","query":"SELECT COUNT(*) FROM (SELECT \"public\".\"Calon\".\"id\" FROM \"public\".\"Calon\" WHERE 1=1 OFFSET $1) AS \"sub\"","params":"[0]","duration":99,"target":"quaint::connector::metrics"}
INFO : {"timestamp":"2024-12-08T13:41:06.550Z","query":"COMMIT","params":"[]","duration":50,"target":"quaint::connector::metrics"}
INFO : {"timestamp":"2024-12-08T13:41:06.722Z","query":"BEGIN","params":"[]","duration":50,"target":"quaint::connector::metrics"}
INFO : {"timestamp":"2024-12-08T13:41:06.771Z","query":"DEALLOCATE ALL","params":"[]","duration":49,"target":"quaint::connector::metrics"}
INFO : {"timestamp":"2024-12-08T13:41:06.870Z","query":"SELECT \"public\".\"Calon\".\"id\", \"public\".\"Calon\".\"nama\", \"public\".\"Calon\".\"visiMisi\", \"public\".\"Calon\".\"prodi\", \"public\".\"Calon\".\"foto\", \"public\".\"Calon\".\"angkatan\", \"public\".\"Calon\".\"no_urut\", \"public\".\"Calon\".\"type\"::text FROM \"public\".\"Calon\" WHERE 1=1 ORDER BY \"public\".\"Calon\".\"no_urut\" ASC OFFSET $1","params":"[0]","duration":98,"target":"quaint::connector::metrics"}
INFO : {"timestamp":"2024-12-08T13:41:06.922Z","query":"COMMIT","params":"[]","duration":51,"target":"quaint::connector::metrics"}
INFO : {"timestamp":"2024-12-08T13:41:06.980Z","query":"BEGIN","params":"[]","duration":55,"target":"quaint::connector::metrics"}
INFO : {"timestamp":"2024-12-08T13:41:07.030Z","query":"DEALLOCATE ALL","params":"[]","duration":49,"target":"quaint::connector::metrics"}
INFO : {"timestamp":"2024-12-08T13:41:07.140Z","query":"SELECT COUNT(*) FROM (SELECT \"public\".\"Calon\".\"id\" FROM \"public\".\"Calon\" WHERE 1=1 OFFSET $1) AS \"sub\"","params":"[0]","duration":109,"target":"quaint::connector::metrics"}
INFO : {"timestamp":"2024-12-08T13:41:07.192Z","query":"COMMIT","params":"[]","duration":51,"target":"quaint::connector::metrics"}
